11-02-2022 18:02:47|Sent UDP request to Shrebrooke server:MTLP2345 getAppointmentSchedule|[MTLP2345]|Appointment Schedule of MTLP2345 [PHYSICIAN:MTLA030222,PHYSICIAN:MTLM010222,DENTAL:MTLE030222,DENTAL:MTLA020222,DENTAL:MTLM030222,|false|
11-02-2022 18:02:47|Sent UDP request to Quebec server:MTLP2345 getAppointmentSchedule|[MTLP2345]|Appointment Schedule of MTLP2345 [PHYSICIAN:MTLA030222,PHYSICIAN:MTLM010222,DENTAL:MTLE030222,DENTAL:MTLA020222,DENTAL:MTLM030222,|false|
11-02-2022 18:02:47|Book appointment|[MTLP2345, MTLA030222, PHYSICIAN]|Failed: Patient has already booked appointment in same day withPHYSICIAN|false|
11-02-2022 18:02:47|Received UDP response from Sharebrooke server|[MTLP2345]||false|
11-02-2022 18:02:47|Received UDP response from quebec server|[MTLP2345]|PHYSICIAN:QUEA030222,|false|
11-02-2022 18:04:37|Sent UDP request to Shrebrooke server:MTLP2345 getAppointmentSchedule|[MTLP2345]|Appointment Schedule of MTLP2345 [PHYSICIAN:MTLA030222,PHYSICIAN:MTLM010222,DENTAL:MTLE030222,DENTAL:MTLA020222,DENTAL:MTLM030222,|false|
11-02-2022 18:04:37|Sent UDP request to Quebec server:MTLP2345 getAppointmentSchedule|[MTLP2345]|Appointment Schedule of MTLP2345 [PHYSICIAN:MTLA030222,PHYSICIAN:MTLM010222,DENTAL:MTLE030222,DENTAL:MTLA020222,DENTAL:MTLM030222,|false|
11-02-2022 18:04:37|Received UDP response from Sharebrooke server|[MTLP2345]||false|
11-02-2022 18:04:37|Received UDP response from quebec server|[MTLP2345]|PHYSICIAN:QUEA030222,|false|
11-02-2022 18:04:37|Book appointment|[MTLP2345, MTLA030222, SURGEON]|Success: Appointment successfully booked|false|
11-02-2022 18:05:49|Sent UDP request to Shrebrooke server:MTLP2345 getAppointmentSchedule|[MTLP2345]|Appointment Schedule of MTLP2345 [SURGEON:MTLA030222,PHYSICIAN:MTLA030222,PHYSICIAN:MTLM010222,DENTAL:MTLE030222,DENTAL:MTLA020222,DENTAL:MTLM030222,|false|
11-02-2022 18:05:49|Sent UDP request to Quebec server:MTLP2345 getAppointmentSchedule|[MTLP2345]|Appointment Schedule of MTLP2345 [SURGEON:MTLA030222,PHYSICIAN:MTLA030222,PHYSICIAN:MTLM010222,DENTAL:MTLE030222,DENTAL:MTLA020222,DENTAL:MTLM030222,|false|
11-02-2022 18:05:49|Book appointment|[MTLP2345, MTLA030222, DENTAL]|Failed: Patient has already booked appointment in same day withDENTAL|false|
11-02-2022 18:05:49|Received UDP response from Sharebrooke server|[MTLP2345]||false|
11-02-2022 18:05:49|Received UDP response from quebec server|[MTLP2345]|PHYSICIAN:QUEA030222,|false|
11-02-2022 18:06:03|Sent UDP request to Shrebrooke server:MTLP2345 getAppointmentSchedule|[MTLP2345]|Appointment Schedule of MTLP2345 [SURGEON:MTLA030222,PHYSICIAN:MTLA030222,PHYSICIAN:MTLM010222,DENTAL:MTLE030222,DENTAL:MTLA020222,DENTAL:MTLM030222,|false|
11-02-2022 18:06:03|Received UDP response from Sharebrooke server|[MTLP2345]||false|
11-02-2022 18:06:03|Sent UDP request to Quebec server:MTLP2345 getAppointmentSchedule|[MTLP2345]|Appointment Schedule of MTLP2345 [SURGEON:MTLA030222,PHYSICIAN:MTLA030222,PHYSICIAN:MTLM010222,DENTAL:MTLE030222,DENTAL:MTLA020222,DENTAL:MTLM030222,|false|
11-02-2022 18:06:03|Book appointment|[MTLP2345, MTLE110222, DENTAL]|Failed: No appointment available for selected slot|false|
11-02-2022 18:06:03|Received UDP response from quebec server|[MTLP2345]|PHYSICIAN:QUEA030222,|false|
11-02-2022 18:07:01|Sent UDP request to Shrebrooke server:MTLP2345 getAppointmentSchedule|[MTLP2345]|Appointment Schedule of MTLP2345 [SURGEON:MTLA030222,PHYSICIAN:MTLA030222,PHYSICIAN:MTLM010222,DENTAL:MTLE030222,DENTAL:MTLA020222,DENTAL:MTLM030222,|false|
11-02-2022 18:07:01|Sent UDP request to Quebec server:MTLP2345 getAppointmentSchedule|[MTLP2345]|Appointment Schedule of MTLP2345 [SURGEON:MTLA030222,PHYSICIAN:MTLA030222,PHYSICIAN:MTLM010222,DENTAL:MTLE030222,DENTAL:MTLA020222,DENTAL:MTLM030222,|false|
11-02-2022 18:07:01|Received UDP response from Sharebrooke server|[MTLP2345]||false|
11-02-2022 18:07:01|Received UDP response from quebec server|[MTLP2345]|PHYSICIAN:QUEA030222,|false|
11-02-2022 18:07:01|Sent UDP request to Shrebrooke server:PHYSICIAN book appointment|[MTLP2345, SHEE080222, PHYSICIAN]||false|
11-02-2022 18:07:01|Book appointment|[MTLP2345, SHEE080222, PHYSICIAN]||false|
11-02-2022 18:07:01|Received UDP response from Sharebrooke server|[MTLP2345, SHEE080222, PHYSICIAN]|Success: Appointment successfully booked|false|
11-02-2022 18:10:24|Sent UDP request to Shrebrooke server:MTLP2345 getAppointmentSchedule|[MTLP2345]|Appointment Schedule of MTLP2345 [DENTAL:MTLE030222,DENTAL:MTLA020222,DENTAL:MTLM030222,PHYSICIAN:MTLA030222,PHYSICIAN:MTLM010222,|false|
11-02-2022 18:10:24|Sent UDP request to Quebec server:MTLP2345 getAppointmentSchedule|[MTLP2345]|Appointment Schedule of MTLP2345 [DENTAL:MTLE030222,DENTAL:MTLA020222,DENTAL:MTLM030222,PHYSICIAN:MTLA030222,PHYSICIAN:MTLM010222,|false|
11-02-2022 18:10:24|Received UDP response from Sharebrooke server|[MTLP2345]||false|
11-02-2022 18:10:24|Sent UDP request to Shrebrooke server:DENTAL book appointment|[MTLP2345, SHEA050222, DENTAL]||false|
11-02-2022 18:10:24|Received UDP response from quebec server|[MTLP2345]|PHYSICIAN:QUEA030222,|false|
11-02-2022 18:10:24|Book appointment|[MTLP2345, SHEA050222, DENTAL]||false|
11-02-2022 18:10:24|Received UDP response from Sharebrooke server|[MTLP2345, SHEA050222, DENTAL]|Success: Appointment successfully booked|false|
11-02-2022 18:17:25|Sent UDP request to Shrebrooke server:MTLP2345 getAppointmentSchedule|[MTLP2345]|Appointment Schedule of MTLP2345 [PHYSICIAN:MTLA030222,PHYSICIAN:MTLM010222,DENTAL:MTLE030222,DENTAL:MTLA020222,DENTAL:MTLM030222,|false|
11-02-2022 18:17:25|Sent UDP request to Quebec server:MTLP2345 getAppointmentSchedule|[MTLP2345]|Appointment Schedule of MTLP2345 [PHYSICIAN:MTLA030222,PHYSICIAN:MTLM010222,DENTAL:MTLE030222,DENTAL:MTLA020222,DENTAL:MTLM030222,|false|
11-02-2022 18:17:25|Received UDP response from Sharebrooke server|[MTLP2345]||false|
11-02-2022 18:17:25|Received UDP response from quebec server|[MTLP2345]|PHYSICIAN:QUEA030222,|false|
11-02-2022 18:17:25|Sent UDP request to Shrebrooke server:DENTAL book appointment|[MTLP2345, SHEA050222, DENTAL]||false|
11-02-2022 18:17:25|Received UDP response from Sharebrooke server|[MTLP2345, SHEA050222, DENTAL]|Success: Appointment successfully booked|false|
11-02-2022 18:17:25|Book appointment|[MTLP2345, SHEA050222, DENTAL]|Success: Appointment successfully booked|false|
11-02-2022 18:17:45|Sent UDP request to Shrebrooke server:MTLP2345 getAppointmentSchedule|[MTLP2345]|Appointment Schedule of MTLP2345 [PHYSICIAN:MTLA030222,PHYSICIAN:MTLM010222,DENTAL:MTLE030222,DENTAL:MTLA020222,DENTAL:MTLM030222,|false|
11-02-2022 18:17:45|Sent UDP request to Quebec server:MTLP2345 getAppointmentSchedule|[MTLP2345]|Appointment Schedule of MTLP2345 [PHYSICIAN:MTLA030222,PHYSICIAN:MTLM010222,DENTAL:MTLE030222,DENTAL:MTLA020222,DENTAL:MTLM030222,|false|
11-02-2022 18:17:45|Received UDP response from Sharebrooke server|[MTLP2345]|DENTAL:SHEA050222,|false|
11-02-2022 18:17:45|Received UDP response from quebec server|[MTLP2345]|PHYSICIAN:QUEA030222,|false|
11-02-2022 18:17:45|Sent UDP request to Shrebrooke server:PHYSICIAN book appointment|[MTLP2345, SHEE080222, PHYSICIAN]||false|
11-02-2022 18:17:45|Received UDP response from Sharebrooke server|[MTLP2345, SHEE080222, PHYSICIAN]|Success: Appointment successfully booked|false|
11-02-2022 18:17:45|Book appointment|[MTLP2345, SHEE080222, PHYSICIAN]|Success: Appointment successfully booked|false|
11-02-2022 18:18:08|Sent UDP request to Shrebrooke server:MTLP2345 getAppointmentSchedule|[MTLP2345]|Appointment Schedule of MTLP2345 [PHYSICIAN:MTLA030222,PHYSICIAN:MTLM010222,DENTAL:MTLE030222,DENTAL:MTLA020222,DENTAL:MTLM030222,|false|
11-02-2022 18:18:08|Sent UDP request to Quebec server:MTLP2345 getAppointmentSchedule|[MTLP2345]|Appointment Schedule of MTLP2345 [PHYSICIAN:MTLA030222,PHYSICIAN:MTLM010222,DENTAL:MTLE030222,DENTAL:MTLA020222,DENTAL:MTLM030222,|false|
11-02-2022 18:18:08|Received UDP response from Sharebrooke server|[MTLP2345]|DENTAL:SHEA050222,PHYSICIAN:SHEE080222,|false|
11-02-2022 18:18:08|Received UDP response from quebec server|[MTLP2345]|PHYSICIAN:QUEA030222,|false|
11-02-2022 18:18:08|Sent UDP request to Quebec server:QUEA010222 book appointment|[MTLP2345, QUEA010222, DENTAL]||false|
11-02-2022 18:18:08|Received UDP response from quebec server|[MTLP2345, QUEA010222, DENTAL]|Success: Appointment successfully booked|false|
11-02-2022 18:18:08|Book appointment|[MTLP2345, QUEA010222, DENTAL]|Success: Appointment successfully booked|false|
11-02-2022 18:18:27|Sent UDP request to Shrebrooke server:MTLP2345 getAppointmentSchedule|[MTLP2345]|Appointment Schedule of MTLP2345 [PHYSICIAN:MTLA030222,PHYSICIAN:MTLM010222,DENTAL:MTLE030222,DENTAL:MTLA020222,DENTAL:MTLM030222,|false|
11-02-2022 18:18:27|Sent UDP request to Quebec server:MTLP2345 getAppointmentSchedule|[MTLP2345]|Appointment Schedule of MTLP2345 [PHYSICIAN:MTLA030222,PHYSICIAN:MTLM010222,DENTAL:MTLE030222,DENTAL:MTLA020222,DENTAL:MTLM030222,|false|
11-02-2022 18:18:27|Received UDP response from Sharebrooke server|[MTLP2345]|DENTAL:SHEA050222,PHYSICIAN:SHEE080222,|false|
11-02-2022 18:18:27|Received UDP response from quebec server|[MTLP2345]|DENTAL:QUEA010222,PHYSICIAN:QUEA030222,|false|
11-02-2022 18:18:27|Sent UDP request to Quebec server:QUEA010222 book appointment|[MTLP2345, QUEA010222, DENTAL]||false|
11-02-2022 18:18:27|Received UDP response from quebec server|[MTLP2345, QUEA010222, DENTAL]|Failed: Patient has already booked appointment with [DENTAL, QUEA010222]|false|
11-02-2022 18:18:27|Book appointment|[MTLP2345, QUEA010222, DENTAL]|Failed: Patient has already booked appointment with [DENTAL, QUEA010222]|false|
11-02-2022 18:18:43|Sent UDP request to Shrebrooke server:MTLP2345 getAppointmentSchedule|[MTLP2345]|Appointment Schedule of MTLP2345 [PHYSICIAN:MTLA030222,PHYSICIAN:MTLM010222,DENTAL:MTLE030222,DENTAL:MTLA020222,DENTAL:MTLM030222,|false|
11-02-2022 18:18:43|Sent UDP request to Quebec server:MTLP2345 getAppointmentSchedule|[MTLP2345]|Appointment Schedule of MTLP2345 [PHYSICIAN:MTLA030222,PHYSICIAN:MTLM010222,DENTAL:MTLE030222,DENTAL:MTLA020222,DENTAL:MTLM030222,|false|
11-02-2022 18:18:43|Received UDP response from quebec server|[MTLP2345]|DENTAL:QUEA010222,PHYSICIAN:QUEA030222,|false|
11-02-2022 18:18:43|Received UDP response from Sharebrooke server|[MTLP2345]|DENTAL:SHEA050222,PHYSICIAN:SHEE080222,|false|
11-02-2022 18:18:43|Sent UDP request to Quebec server:QUEA010222 book appointment|[MTLP2345, QUEA010222, SURGEON]||false|
11-02-2022 18:18:43|Received UDP response from quebec server|[MTLP2345, QUEA010222, SURGEON]|Failed: No appointment available for selected appointment type|false|
11-02-2022 18:18:43|Book appointment|[MTLP2345, QUEA010222, SURGEON]|Failed: No appointment available for selected appointment type|false|
11-02-2022 18:18:56|Sent UDP request to Shrebrooke server:MTLP2345 getAppointmentSchedule|[MTLP2345]|Appointment Schedule of MTLP2345 [PHYSICIAN:MTLA030222,PHYSICIAN:MTLM010222,DENTAL:MTLE030222,DENTAL:MTLA020222,DENTAL:MTLM030222,|false|
11-02-2022 18:18:56|Sent UDP request to Quebec server:MTLP2345 getAppointmentSchedule|[MTLP2345]|Appointment Schedule of MTLP2345 [PHYSICIAN:MTLA030222,PHYSICIAN:MTLM010222,DENTAL:MTLE030222,DENTAL:MTLA020222,DENTAL:MTLM030222,|false|
11-02-2022 18:18:56|Received UDP response from Sharebrooke server|[MTLP2345]|DENTAL:SHEA050222,PHYSICIAN:SHEE080222,|false|
11-02-2022 18:18:56|Received UDP response from quebec server|[MTLP2345]|DENTAL:QUEA010222,PHYSICIAN:QUEA030222,|false|
11-02-2022 18:18:56|Sent UDP request to Quebec server:QUEA020222 book appointment|[MTLP2345, QUEA020222, SURGEON]||false|
11-02-2022 18:18:56|Received UDP response from quebec server|[MTLP2345, QUEA020222, SURGEON]|Failed: No appointment available for selected appointment type|false|
11-02-2022 18:18:56|Book appointment|[MTLP2345, QUEA020222, SURGEON]|Failed: No appointment available for selected appointment type|false|
11-02-2022 18:19:40|Sent UDP request to Shrebrooke server:MTLP2345 getAppointmentSchedule|[MTLP2345]|Appointment Schedule of MTLP2345 [PHYSICIAN:MTLA030222,PHYSICIAN:MTLM010222,DENTAL:MTLE030222,DENTAL:MTLA020222,DENTAL:MTLM030222,|false|
11-02-2022 18:19:40|Sent UDP request to Quebec server:MTLP2345 getAppointmentSchedule|[MTLP2345]|Appointment Schedule of MTLP2345 [PHYSICIAN:MTLA030222,PHYSICIAN:MTLM010222,DENTAL:MTLE030222,DENTAL:MTLA020222,DENTAL:MTLM030222,|false|
11-02-2022 18:19:40|Received UDP response from quebec server|[MTLP2345]|DENTAL:QUEA010222,PHYSICIAN:QUEA030222,|false|
11-02-2022 18:19:40|Received UDP response from Sharebrooke server|[MTLP2345]|DENTAL:SHEA050222,PHYSICIAN:SHEE080222,|false|
11-02-2022 18:19:40|Sent UDP request to Quebec server:QUEA020222 book appointment|[MTLP2345, QUEA020222, SURGEON]||false|
11-02-2022 18:19:40|Received UDP response from quebec server|[MTLP2345, QUEA020222, SURGEON]|Failed: No appointment available for selected appointment type|false|
11-02-2022 18:19:40|Book appointment|[MTLP2345, QUEA020222, SURGEON]|Failed: No appointment available for selected appointment type|false|
11-02-2022 18:19:51|Sent UDP request to Shrebrooke server:MTLP2345 getAppointmentSchedule|[MTLP2345]|Appointment Schedule of MTLP2345 [PHYSICIAN:MTLA030222,PHYSICIAN:MTLM010222,DENTAL:MTLE030222,DENTAL:MTLA020222,DENTAL:MTLM030222,|false|
11-02-2022 18:19:51|Sent UDP request to Quebec server:MTLP2345 getAppointmentSchedule|[MTLP2345]|Appointment Schedule of MTLP2345 [PHYSICIAN:MTLA030222,PHYSICIAN:MTLM010222,DENTAL:MTLE030222,DENTAL:MTLA020222,DENTAL:MTLM030222,|false|
11-02-2022 18:19:51|Received UDP response from Sharebrooke server|[MTLP2345]|DENTAL:SHEA050222,PHYSICIAN:SHEE080222,|false|
11-02-2022 18:19:51|Book appointment|[MTLP2345, QUEA030222, PHYSICIAN]|Failed: Patient has already booked appointment in same day withPHYSICIAN|false|
11-02-2022 18:19:51|Received UDP response from quebec server|[MTLP2345]|DENTAL:QUEA010222,PHYSICIAN:QUEA030222,|false|
11-02-2022 18:20:08|Sent UDP request to Shrebrooke server:MTLP2345 getAppointmentSchedule|[MTLP2345]|Appointment Schedule of MTLP2345 [PHYSICIAN:MTLA030222,PHYSICIAN:MTLM010222,DENTAL:MTLE030222,DENTAL:MTLA020222,DENTAL:MTLM030222,|false|
11-02-2022 18:20:08|Sent UDP request to Quebec server:MTLP2345 getAppointmentSchedule|[MTLP2345]|Appointment Schedule of MTLP2345 [PHYSICIAN:MTLA030222,PHYSICIAN:MTLM010222,DENTAL:MTLE030222,DENTAL:MTLA020222,DENTAL:MTLM030222,|false|
11-02-2022 18:20:08|Received UDP response from Sharebrooke server|[MTLP2345]|DENTAL:SHEA050222,PHYSICIAN:SHEE080222,|false|
11-02-2022 18:20:08|Received UDP response from quebec server|[MTLP2345]|DENTAL:QUEA010222,PHYSICIAN:QUEA030222,|false|
11-02-2022 18:25:32|Sent UDP request to Shrebrooke server:MTLP2345 getAppointmentSchedule|[MTLP2345]|Appointment Schedule of MTLP2345 [PHYSICIAN:MTLA030222,PHYSICIAN:MTLM010222,DENTAL:MTLE030222,DENTAL:MTLA020222,DENTAL:MTLM030222,|false|
11-02-2022 18:25:32|Sent UDP request to Quebec server:MTLP2345 getAppointmentSchedule|[MTLP2345]|Appointment Schedule of MTLP2345 [PHYSICIAN:MTLA030222,PHYSICIAN:MTLM010222,DENTAL:MTLE030222,DENTAL:MTLA020222,DENTAL:MTLM030222,|false|
11-02-2022 18:25:32|Received UDP response from Sharebrooke server|[MTLP2345]|DENTAL:SHEA050222,PHYSICIAN:SHEE080222,|false|
11-02-2022 18:25:32|Received UDP response from quebec server|[MTLP2345]|DENTAL:QUEA010222,PHYSICIAN:QUEA030222,|false|
11-02-2022 18:25:32|Sent UDP request to Quebec server:QUEA110222 book appointment|[MTLP2345, QUEA110222, PHYSICIAN]||false|
11-02-2022 18:25:32|Received UDP response from quebec server|[MTLP2345, QUEA110222, PHYSICIAN]|Failed: No appointment available for selected slot|false|
11-02-2022 18:25:32|Book appointment|[MTLP2345, QUEA110222, PHYSICIAN]|Failed: No appointment available for selected slot|false|
11-02-2022 18:25:45|Sent UDP request to Shrebrooke server:MTLP2345 getAppointmentSchedule|[MTLP2345]|Appointment Schedule of MTLP2345 [PHYSICIAN:MTLA030222,PHYSICIAN:MTLM010222,DENTAL:MTLE030222,DENTAL:MTLA020222,DENTAL:MTLM030222,|false|
11-02-2022 18:25:45|Sent UDP request to Quebec server:MTLP2345 getAppointmentSchedule|[MTLP2345]|Appointment Schedule of MTLP2345 [PHYSICIAN:MTLA030222,PHYSICIAN:MTLM010222,DENTAL:MTLE030222,DENTAL:MTLA020222,DENTAL:MTLM030222,|false|
11-02-2022 18:25:45|Received UDP response from Sharebrooke server|[MTLP2345]|DENTAL:SHEA050222,PHYSICIAN:SHEE080222,|false|
11-02-2022 18:25:45|Sent UDP request to Quebec server:QUEA110222 book appointment|[MTLP2345, QUEA110222, SURGEON]||false|
11-02-2022 18:25:45|Received UDP response from quebec server|[MTLP2345]|DENTAL:QUEA010222,PHYSICIAN:QUEA030222,|false|
11-02-2022 18:25:45|Received UDP response from quebec server|[MTLP2345, QUEA110222, SURGEON]|Success: Appointment successfully booked|false|
11-02-2022 18:25:45|Book appointment|[MTLP2345, QUEA110222, SURGEON]|Success: Appointment successfully booked|false|
11-02-2022 18:25:49|Sent UDP request to Shrebrooke server:MTLP2345 getAppointmentSchedule|[MTLP2345]|Appointment Schedule of MTLP2345 [PHYSICIAN:MTLA030222,PHYSICIAN:MTLM010222,DENTAL:MTLE030222,DENTAL:MTLA020222,DENTAL:MTLM030222,|false|
11-02-2022 18:25:49|Sent UDP request to Quebec server:MTLP2345 getAppointmentSchedule|[MTLP2345]|Appointment Schedule of MTLP2345 [PHYSICIAN:MTLA030222,PHYSICIAN:MTLM010222,DENTAL:MTLE030222,DENTAL:MTLA020222,DENTAL:MTLM030222,|false|
11-02-2022 18:25:49|Received UDP response from Sharebrooke server|[MTLP2345]|DENTAL:SHEA050222,PHYSICIAN:SHEE080222,|false|
11-02-2022 18:25:49|Received UDP response from quebec server|[MTLP2345]|DENTAL:QUEA010222,PHYSICIAN:QUEA030222,SURGEON:QUEA110222,|false|
11-02-2022 18:26:28|Sent UDP request to Shrebrooke server:MTLP2345 getAppointmentSchedule|[MTLP2345]|Appointment Schedule of MTLP2345 [PHYSICIAN:MTLA030222,PHYSICIAN:MTLM010222,DENTAL:MTLE030222,DENTAL:MTLA020222,DENTAL:MTLM030222,|false|
11-02-2022 18:26:28|Sent UDP request to Quebec server:MTLP2345 getAppointmentSchedule|[MTLP2345]|Appointment Schedule of MTLP2345 [PHYSICIAN:MTLA030222,PHYSICIAN:MTLM010222,DENTAL:MTLE030222,DENTAL:MTLA020222,DENTAL:MTLM030222,|false|
11-02-2022 18:26:28|Received UDP response from Sharebrooke server|[MTLP2345]|DENTAL:SHEA050222,PHYSICIAN:SHEE080222,|false|
11-02-2022 18:26:28|Received UDP response from quebec server|[MTLP2345]|DENTAL:QUEA010222,PHYSICIAN:QUEA030222,SURGEON:QUEA110222,|false|
11-02-2022 18:32:09|Sent UDP request to Shrebrooke server:MTLP2345 getAppointmentSchedule|[MTLP2345]|Appointment Schedule of MTLP2345 [PHYSICIAN:MTLA030222,PHYSICIAN:MTLM010222,DENTAL:MTLE030222,DENTAL:MTLA020222,DENTAL:MTLM030222,|false|
11-02-2022 18:32:09|Sent UDP request to Quebec server:MTLP2345 getAppointmentSchedule|[MTLP2345]|Appointment Schedule of MTLP2345 [PHYSICIAN:MTLA030222,PHYSICIAN:MTLM010222,DENTAL:MTLE030222,DENTAL:MTLA020222,DENTAL:MTLM030222,|false|
11-02-2022 18:32:09|Received UDP response from Sharebrooke server|[MTLP2345]||false|
11-02-2022 18:32:09|Received UDP response from Sharebrooke server|[MTLP2345]||false|
11-02-2022 18:32:09|Received UDP response from quebec server|[MTLP2345]|PHYSICIAN:QUEA030222,|false|
11-02-2022 18:32:09|Get appointment Schedule|[MTLP2345]|Appointment Schedule of MTLP2345 [PHYSICIAN:MTLA030222,PHYSICIAN:MTLM010222,DENTAL:MTLE030222,DENTAL:MTLA020222,DENTAL:MTLM030222,PHYSICIAN:QUEA030222,]|false|
11-02-2022 18:32:40|Sent UDP request to Shrebrooke server:MTLP2345 getAppointmentSchedule|[MTLP2345]|Appointment Schedule of MTLP2345 [PHYSICIAN:MTLA030222,PHYSICIAN:MTLM010222,DENTAL:MTLE030222,DENTAL:MTLA020222,DENTAL:MTLM030222,|false|
11-02-2022 18:32:40|Sent UDP request to Quebec server:MTLP2345 getAppointmentSchedule|[MTLP2345]|Appointment Schedule of MTLP2345 [PHYSICIAN:MTLA030222,PHYSICIAN:MTLM010222,DENTAL:MTLE030222,DENTAL:MTLA020222,DENTAL:MTLM030222,|false|
11-02-2022 18:32:40|Received UDP response from Sharebrooke server|[MTLP2345]||false|
11-02-2022 18:32:40|Received UDP response from Sharebrooke server|[MTLP2345]||false|
11-02-2022 18:32:40|Received UDP response from quebec server|[MTLP2345]|PHYSICIAN:QUEA030222,|false|
11-02-2022 18:32:40|Get appointment Schedule|[MTLP2345]|Appointment Schedule of MTLP2345 [PHYSICIAN:MTLA030222,PHYSICIAN:MTLM010222,DENTAL:MTLE030222,DENTAL:MTLA020222,DENTAL:MTLM030222,PHYSICIAN:QUEA030222,]|false|
11-02-2022 18:32:40|Sent UDP request to Shrebrooke server:PHYSICIAN book appointment|[MTLP2345, SHEE080222, PHYSICIAN]||false|
11-02-2022 18:32:40|Received UDP response from Sharebrooke server|[MTLP2345, SHEE080222, PHYSICIAN]|Success: Appointment successfully booked|false|
11-02-2022 18:32:40|Book appointment|[MTLP2345, SHEE080222, PHYSICIAN]|Success: Appointment successfully booked|false|
11-02-2022 18:32:53|Sent UDP request to Shrebrooke server:MTLP2345 getAppointmentSchedule|[MTLP2345]|Appointment Schedule of MTLP2345 [PHYSICIAN:MTLA030222,PHYSICIAN:MTLM010222,DENTAL:MTLE030222,DENTAL:MTLA020222,DENTAL:MTLM030222,|false|
11-02-2022 18:32:53|Sent UDP request to Quebec server:MTLP2345 getAppointmentSchedule|[MTLP2345]|Appointment Schedule of MTLP2345 [PHYSICIAN:MTLA030222,PHYSICIAN:MTLM010222,DENTAL:MTLE030222,DENTAL:MTLA020222,DENTAL:MTLM030222,|false|
11-02-2022 18:32:53|Received UDP response from Sharebrooke server|[MTLP2345]|PHYSICIAN:SHEE080222,|false|
11-02-2022 18:32:53|Received UDP response from Sharebrooke server|[MTLP2345]|PHYSICIAN:SHEE080222,|false|
11-02-2022 18:32:53|Received UDP response from quebec server|[MTLP2345]|PHYSICIAN:QUEA030222,|false|
11-02-2022 18:32:53|Get appointment Schedule|[MTLP2345]|Appointment Schedule of MTLP2345 [PHYSICIAN:MTLA030222,PHYSICIAN:MTLM010222,DENTAL:MTLE030222,DENTAL:MTLA020222,DENTAL:MTLM030222,PHYSICIAN:SHEE080222,PHYSICIAN:SHEE080222,PHYSICIAN:QUEA030222,]|false|
11-02-2022 18:32:53|Sent UDP request to Shrebrooke server:DENTAL book appointment|[MTLP2345, SHEA050222, DENTAL]||false|
11-02-2022 18:32:53|Received UDP response from Sharebrooke server|[MTLP2345, SHEA050222, DENTAL]|Success: Appointment successfully booked|false|
11-02-2022 18:32:53|Book appointment|[MTLP2345, SHEA050222, DENTAL]|Success: Appointment successfully booked|false|
11-02-2022 18:33:10|Sent UDP request to Shrebrooke server:MTLP2345 getAppointmentSchedule|[MTLP2345]|Appointment Schedule of MTLP2345 [PHYSICIAN:MTLA030222,PHYSICIAN:MTLM010222,DENTAL:MTLE030222,DENTAL:MTLA020222,DENTAL:MTLM030222,|false|
11-02-2022 18:33:10|Sent UDP request to Quebec server:MTLP2345 getAppointmentSchedule|[MTLP2345]|Appointment Schedule of MTLP2345 [PHYSICIAN:MTLA030222,PHYSICIAN:MTLM010222,DENTAL:MTLE030222,DENTAL:MTLA020222,DENTAL:MTLM030222,|false|
11-02-2022 18:33:10|Received UDP response from Sharebrooke server|[MTLP2345]|DENTAL:SHEA050222,PHYSICIAN:SHEE080222,|false|
11-02-2022 18:33:10|Received UDP response from Sharebrooke server|[MTLP2345]|DENTAL:SHEA050222,PHYSICIAN:SHEE080222,|false|
11-02-2022 18:33:10|Received UDP response from quebec server|[MTLP2345]|PHYSICIAN:QUEA030222,|false|
11-02-2022 18:33:10|Get appointment Schedule|[MTLP2345]|Appointment Schedule of MTLP2345 [PHYSICIAN:MTLA030222,PHYSICIAN:MTLM010222,DENTAL:MTLE030222,DENTAL:MTLA020222,DENTAL:MTLM030222,DENTAL:SHEA050222,PHYSICIAN:SHEE080222,DENTAL:SHEA050222,PHYSICIAN:SHEE080222,PHYSICIAN:QUEA030222,]|false|
11-02-2022 18:33:10|Sent UDP request to Shrebrooke server:SURGEON book appointment|[MTLP2345, SHEE070222, SURGEON]||false|
11-02-2022 18:33:10|Received UDP response from Sharebrooke server|[MTLP2345, SHEE070222, SURGEON]|Success: Appointment successfully booked|false|
11-02-2022 18:33:10|Book appointment|[MTLP2345, SHEE070222, SURGEON]|Success: Appointment successfully booked|false|
11-02-2022 18:33:16|Sent UDP request to Shrebrooke server:MTLP2345 getAppointmentSchedule|[MTLP2345]|Appointment Schedule of MTLP2345 [PHYSICIAN:MTLA030222,PHYSICIAN:MTLM010222,DENTAL:MTLE030222,DENTAL:MTLA020222,DENTAL:MTLM030222,|false|
11-02-2022 18:33:16|Sent UDP request to Quebec server:MTLP2345 getAppointmentSchedule|[MTLP2345]|Appointment Schedule of MTLP2345 [PHYSICIAN:MTLA030222,PHYSICIAN:MTLM010222,DENTAL:MTLE030222,DENTAL:MTLA020222,DENTAL:MTLM030222,|false|
11-02-2022 18:33:16|Received UDP response from Sharebrooke server|[MTLP2345]|DENTAL:SHEA050222,PHYSICIAN:SHEE080222,SURGEON:SHEE070222,|false|
11-02-2022 18:33:16|Received UDP response from Sharebrooke server|[MTLP2345]|DENTAL:SHEA050222,PHYSICIAN:SHEE080222,SURGEON:SHEE070222,|false|
11-02-2022 18:33:16|Received UDP response from quebec server|[MTLP2345]|PHYSICIAN:QUEA030222,|false|
11-02-2022 18:33:16|Get appointment Schedule|[MTLP2345]|Appointment Schedule of MTLP2345 [PHYSICIAN:MTLA030222,PHYSICIAN:MTLM010222,DENTAL:MTLE030222,DENTAL:MTLA020222,DENTAL:MTLM030222,DENTAL:SHEA050222,PHYSICIAN:SHEE080222,SURGEON:SHEE070222,DENTAL:SHEA050222,PHYSICIAN:SHEE080222,SURGEON:SHEE070222,PHYSICIAN:QUEA030222,]|false|
11-02-2022 18:36:37|Sent UDP request to Shrebrooke server:MTLP2345 getAppointmentSchedule|[MTLP2345]|Appointment Schedule of MTLP2345 [PHYSICIAN:MTLA030222,PHYSICIAN:MTLM010222,DENTAL:MTLE030222,DENTAL:MTLA020222,DENTAL:MTLM030222,|false|
11-02-2022 18:36:37|Sent UDP request to Quebec server:MTLP2345 getAppointmentSchedule|[MTLP2345]|Appointment Schedule of MTLP2345 [PHYSICIAN:MTLA030222,PHYSICIAN:MTLM010222,DENTAL:MTLE030222,DENTAL:MTLA020222,DENTAL:MTLM030222,|false|
11-02-2022 18:36:37|Received UDP response from Sharebrooke server|[MTLP2345]|DENTAL:SHEA050222,PHYSICIAN:SHEE080222,SURGEON:SHEE070222,|false|
11-02-2022 18:36:37|Received UDP response from Sharebrooke server|[MTLP2345]|DENTAL:SHEA050222,PHYSICIAN:SHEE080222,SURGEON:SHEE070222,|false|
11-02-2022 18:36:37|Received UDP response from quebec server|[MTLP2345]|PHYSICIAN:QUEA030222,|false|
11-02-2022 18:36:37|Get appointment Schedule|[MTLP2345]|Appointment Schedule of MTLP2345 [PHYSICIAN:MTLA030222,PHYSICIAN:MTLM010222,DENTAL:MTLE030222,DENTAL:MTLA020222,DENTAL:MTLM030222,DENTAL:SHEA050222,PHYSICIAN:SHEE080222,SURGEON:SHEE070222,DENTAL:SHEA050222,PHYSICIAN:SHEE080222,SURGEON:SHEE070222,PHYSICIAN:QUEA030222,]|false|
11-02-2022 18:36:37|Sent UDP request to Quebec server:QUEA110222 book appointment|[MTLP2345, QUEA110222, PHYSICIAN]||false|
11-02-2022 18:36:37|Received UDP response from quebec server|[MTLP2345, QUEA110222, PHYSICIAN]|Success: Appointment successfully booked|false|
11-02-2022 18:36:37|Book appointment|[MTLP2345, QUEA110222, PHYSICIAN]|Success: Appointment successfully booked|false|
11-02-2022 18:36:47|Sent UDP request to Shrebrooke server:MTLP2345 getAppointmentSchedule|[MTLP2345]|Appointment Schedule of MTLP2345 [PHYSICIAN:MTLA030222,PHYSICIAN:MTLM010222,DENTAL:MTLE030222,DENTAL:MTLA020222,DENTAL:MTLM030222,|false|
11-02-2022 18:36:47|Sent UDP request to Quebec server:MTLP2345 getAppointmentSchedule|[MTLP2345]|Appointment Schedule of MTLP2345 [PHYSICIAN:MTLA030222,PHYSICIAN:MTLM010222,DENTAL:MTLE030222,DENTAL:MTLA020222,DENTAL:MTLM030222,|false|
11-02-2022 18:36:47|Received UDP response from Sharebrooke server|[MTLP2345]|DENTAL:SHEA050222,PHYSICIAN:SHEE080222,SURGEON:SHEE070222,|false|
11-02-2022 18:36:47|Received UDP response from Sharebrooke server|[MTLP2345]|DENTAL:SHEA050222,PHYSICIAN:SHEE080222,SURGEON:SHEE070222,|false|
11-02-2022 18:36:47|Received UDP response from quebec server|[MTLP2345]|PHYSICIAN:QUEA110222,PHYSICIAN:QUEA030222,|false|
11-02-2022 18:36:47|Get appointment Schedule|[MTLP2345]|Appointment Schedule of MTLP2345 [PHYSICIAN:MTLA030222,PHYSICIAN:MTLM010222,DENTAL:MTLE030222,DENTAL:MTLA020222,DENTAL:MTLM030222,DENTAL:SHEA050222,PHYSICIAN:SHEE080222,SURGEON:SHEE070222,DENTAL:SHEA050222,PHYSICIAN:SHEE080222,SURGEON:SHEE070222,PHYSICIAN:QUEA110222,PHYSICIAN:QUEA030222,]|false|
11-02-2022 18:36:47|Book appointment|[MTLP2345, QUEE110222, PHYSICIAN]|Failed: Patient has already booked appointment in same day withPHYSICIAN|false|
11-02-2022 18:37:50|Sent UDP request to Shrebrooke server:MTLP2345 getAppointmentSchedule|[MTLP2345]|Appointment Schedule of MTLP2345 [PHYSICIAN:MTLA030222,PHYSICIAN:MTLM010222,DENTAL:MTLE030222,DENTAL:MTLA020222,DENTAL:MTLM030222,|false|
11-02-2022 18:37:50|Sent UDP request to Quebec server:MTLP2345 getAppointmentSchedule|[MTLP2345]|Appointment Schedule of MTLP2345 [PHYSICIAN:MTLA030222,PHYSICIAN:MTLM010222,DENTAL:MTLE030222,DENTAL:MTLA020222,DENTAL:MTLM030222,|false|
11-02-2022 18:37:50|Received UDP response from Sharebrooke server|[MTLP2345]|DENTAL:SHEA050222,PHYSICIAN:SHEE080222,SURGEON:SHEE070222,|false|
11-02-2022 18:37:50|Received UDP response from Sharebrooke server|[MTLP2345]|DENTAL:SHEA050222,PHYSICIAN:SHEE080222,SURGEON:SHEE070222,|false|
11-02-2022 18:37:50|Received UDP response from quebec server|[MTLP2345]|PHYSICIAN:QUEA110222,PHYSICIAN:QUEA030222,|false|
11-02-2022 18:37:50|Get appointment Schedule|[MTLP2345]|Appointment Schedule of MTLP2345 [PHYSICIAN:MTLA030222,PHYSICIAN:MTLM010222,DENTAL:MTLE030222,DENTAL:MTLA020222,DENTAL:MTLM030222,DENTAL:SHEA050222,PHYSICIAN:SHEE080222,SURGEON:SHEE070222,DENTAL:SHEA050222,PHYSICIAN:SHEE080222,SURGEON:SHEE070222,PHYSICIAN:QUEA110222,PHYSICIAN:QUEA030222,]|false|
11-02-2022 18:37:50|Sent UDP request to Quebec server:QUEA120222 book appointment|[MTLP2345, QUEA120222, SURGEON]||false|
11-02-2022 18:37:50|Received UDP response from quebec server|[MTLP2345, QUEA120222, SURGEON]|Success: Appointment successfully booked|false|
11-02-2022 18:37:50|Book appointment|[MTLP2345, QUEA120222, SURGEON]|Success: Appointment successfully booked|false|
11-02-2022 18:37:53|Sent UDP request to Shrebrooke server:MTLP2345 getAppointmentSchedule|[MTLP2345]|Appointment Schedule of MTLP2345 [PHYSICIAN:MTLA030222,PHYSICIAN:MTLM010222,DENTAL:MTLE030222,DENTAL:MTLA020222,DENTAL:MTLM030222,|false|
11-02-2022 18:37:53|Sent UDP request to Quebec server:MTLP2345 getAppointmentSchedule|[MTLP2345]|Appointment Schedule of MTLP2345 [PHYSICIAN:MTLA030222,PHYSICIAN:MTLM010222,DENTAL:MTLE030222,DENTAL:MTLA020222,DENTAL:MTLM030222,|false|
11-02-2022 18:37:53|Received UDP response from Sharebrooke server|[MTLP2345]|DENTAL:SHEA050222,PHYSICIAN:SHEE080222,SURGEON:SHEE070222,|false|
11-02-2022 18:37:53|Received UDP response from Sharebrooke server|[MTLP2345]|DENTAL:SHEA050222,PHYSICIAN:SHEE080222,SURGEON:SHEE070222,|false|
11-02-2022 18:37:53|Received UDP response from quebec server|[MTLP2345]|PHYSICIAN:QUEA110222,PHYSICIAN:QUEA030222,SURGEON:QUEA120222,|false|
11-02-2022 18:37:53|Get appointment Schedule|[MTLP2345]|Appointment Schedule of MTLP2345 [PHYSICIAN:MTLA030222,PHYSICIAN:MTLM010222,DENTAL:MTLE030222,DENTAL:MTLA020222,DENTAL:MTLM030222,DENTAL:SHEA050222,PHYSICIAN:SHEE080222,SURGEON:SHEE070222,DENTAL:SHEA050222,PHYSICIAN:SHEE080222,SURGEON:SHEE070222,PHYSICIAN:QUEA110222,PHYSICIAN:QUEA030222,SURGEON:QUEA120222,]|false|
11-02-2022 18:42:00|Sent UDP request to Shrebrooke server:MTLP2345 getAppointmentSchedule|[MTLP2345]|Appointment Schedule of MTLP2345 [DENTAL:MTLE030222,DENTAL:MTLA020222,DENTAL:MTLM030222,PHYSICIAN:MTLA030222,PHYSICIAN:MTLM010222,|false|
11-02-2022 18:42:00|Sent UDP request to Quebec server:MTLP2345 getAppointmentSchedule|[MTLP2345]|Appointment Schedule of MTLP2345 [DENTAL:MTLE030222,DENTAL:MTLA020222,DENTAL:MTLM030222,PHYSICIAN:MTLA030222,PHYSICIAN:MTLM010222,|false|
11-02-2022 18:42:00|Received UDP response from Sharebrooke server|[MTLP2345]||false|
11-02-2022 18:42:00|Received UDP response from quebec server|[MTLP2345]|PHYSICIAN:QUEA030222,|false|
11-02-2022 18:42:00|Get appointment Schedule|[MTLP2345]|Appointment Schedule of MTLP2345 [DENTAL:MTLE030222,DENTAL:MTLA020222,DENTAL:MTLM030222,PHYSICIAN:MTLA030222,PHYSICIAN:MTLM010222,PHYSICIAN:QUEA030222,]|false|
11-02-2022 18:42:20|Sent UDP request to Shrebrooke server:MTLP2345 getAppointmentSchedule|[MTLP2345]|Appointment Schedule of MTLP2345 [DENTAL:MTLE030222,DENTAL:MTLA020222,DENTAL:MTLM030222,PHYSICIAN:MTLA030222,PHYSICIAN:MTLM010222,|false|
11-02-2022 18:42:20|Sent UDP request to Quebec server:MTLP2345 getAppointmentSchedule|[MTLP2345]|Appointment Schedule of MTLP2345 [DENTAL:MTLE030222,DENTAL:MTLA020222,DENTAL:MTLM030222,PHYSICIAN:MTLA030222,PHYSICIAN:MTLM010222,|false|
11-02-2022 18:42:20|Received UDP response from Sharebrooke server|[MTLP2345]||false|
11-02-2022 18:42:20|Received UDP response from quebec server|[MTLP2345]|PHYSICIAN:QUEA030222,|false|
11-02-2022 18:42:20|Get appointment Schedule|[MTLP2345]|Appointment Schedule of MTLP2345 [DENTAL:MTLE030222,DENTAL:MTLA020222,DENTAL:MTLM030222,PHYSICIAN:MTLA030222,PHYSICIAN:MTLM010222,PHYSICIAN:QUEA030222,]|false|
11-02-2022 18:42:20|Sent UDP request to Quebec server:QUEA110222 book appointment|[MTLP2345, QUEA110222, PHYSICIAN]||false|
11-02-2022 18:42:20|Received UDP response from quebec server|[MTLP2345, QUEA110222, PHYSICIAN]|Success: Appointment successfully booked|false|
11-02-2022 18:42:20|Book appointment|[MTLP2345, QUEA110222, PHYSICIAN]|Success: Appointment successfully booked|false|
11-02-2022 18:42:42|Sent UDP request to Shrebrooke server:MTLP2345 getAppointmentSchedule|[MTLP2345]|Appointment Schedule of MTLP2345 [DENTAL:MTLE030222,DENTAL:MTLA020222,DENTAL:MTLM030222,PHYSICIAN:MTLA030222,PHYSICIAN:MTLM010222,|false|
11-02-2022 18:42:42|Sent UDP request to Quebec server:MTLP2345 getAppointmentSchedule|[MTLP2345]|Appointment Schedule of MTLP2345 [DENTAL:MTLE030222,DENTAL:MTLA020222,DENTAL:MTLM030222,PHYSICIAN:MTLA030222,PHYSICIAN:MTLM010222,|false|
11-02-2022 18:42:42|Received UDP response from Sharebrooke server|[MTLP2345]||false|
11-02-2022 18:42:42|Received UDP response from quebec server|[MTLP2345]|PHYSICIAN:QUEA110222,PHYSICIAN:QUEA030222,|false|
11-02-2022 18:42:42|Get appointment Schedule|[MTLP2345]|Appointment Schedule of MTLP2345 [DENTAL:MTLE030222,DENTAL:MTLA020222,DENTAL:MTLM030222,PHYSICIAN:MTLA030222,PHYSICIAN:MTLM010222,PHYSICIAN:QUEA110222,PHYSICIAN:QUEA030222,]|false|
11-02-2022 18:42:59|Sent UDP request to Shrebrooke server:MTLP2345 getAppointmentSchedule|[MTLP2345]|Appointment Schedule of MTLP2345 [DENTAL:MTLE030222,DENTAL:MTLA020222,DENTAL:MTLM030222,PHYSICIAN:MTLA030222,PHYSICIAN:MTLM010222,|false|
11-02-2022 18:42:59|Sent UDP request to Quebec server:MTLP2345 getAppointmentSchedule|[MTLP2345]|Appointment Schedule of MTLP2345 [DENTAL:MTLE030222,DENTAL:MTLA020222,DENTAL:MTLM030222,PHYSICIAN:MTLA030222,PHYSICIAN:MTLM010222,|false|
11-02-2022 18:42:59|Received UDP response from Sharebrooke server|[MTLP2345]||false|
11-02-2022 18:42:59|Received UDP response from quebec server|[MTLP2345]|PHYSICIAN:QUEA110222,PHYSICIAN:QUEA030222,|false|
11-02-2022 18:42:59|Get appointment Schedule|[MTLP2345]|Appointment Schedule of MTLP2345 [DENTAL:MTLE030222,DENTAL:MTLA020222,DENTAL:MTLM030222,PHYSICIAN:MTLA030222,PHYSICIAN:MTLM010222,PHYSICIAN:QUEA110222,PHYSICIAN:QUEA030222,]|false|
11-02-2022 18:42:59|Sent UDP request to Shrebrooke server:PHYSICIAN book appointment|[MTLP2345, SHEE080222, PHYSICIAN]||false|
11-02-2022 18:42:59|Received UDP response from Sharebrooke server|[MTLP2345, SHEE080222, PHYSICIAN]|Success: Appointment successfully booked|false|
11-02-2022 18:42:59|Book appointment|[MTLP2345, SHEE080222, PHYSICIAN]|Success: Appointment successfully booked|false|
11-02-2022 18:43:02|Sent UDP request to Shrebrooke server:MTLP2345 getAppointmentSchedule|[MTLP2345]|Appointment Schedule of MTLP2345 [DENTAL:MTLE030222,DENTAL:MTLA020222,DENTAL:MTLM030222,PHYSICIAN:MTLA030222,PHYSICIAN:MTLM010222,|false|
11-02-2022 18:43:02|Sent UDP request to Quebec server:MTLP2345 getAppointmentSchedule|[MTLP2345]|Appointment Schedule of MTLP2345 [DENTAL:MTLE030222,DENTAL:MTLA020222,DENTAL:MTLM030222,PHYSICIAN:MTLA030222,PHYSICIAN:MTLM010222,|false|
11-02-2022 18:43:02|Received UDP response from Sharebrooke server|[MTLP2345]|PHYSICIAN:SHEE080222,|false|
11-02-2022 18:43:02|Received UDP response from quebec server|[MTLP2345]|PHYSICIAN:QUEA110222,PHYSICIAN:QUEA030222,|false|
11-02-2022 18:43:02|Get appointment Schedule|[MTLP2345]|Appointment Schedule of MTLP2345 [DENTAL:MTLE030222,DENTAL:MTLA020222,DENTAL:MTLM030222,PHYSICIAN:MTLA030222,PHYSICIAN:MTLM010222,PHYSICIAN:SHEE080222,PHYSICIAN:QUEA110222,PHYSICIAN:QUEA030222,]|false|
11-02-2022 18:43:21|Sent UDP request to Shrebrooke server:MTLP2345 getAppointmentSchedule|[MTLP2345]|Appointment Schedule of MTLP2345 [DENTAL:MTLE030222,DENTAL:MTLA020222,DENTAL:MTLM030222,PHYSICIAN:MTLA030222,PHYSICIAN:MTLM010222,|false|
11-02-2022 18:43:21|Sent UDP request to Quebec server:MTLP2345 getAppointmentSchedule|[MTLP2345]|Appointment Schedule of MTLP2345 [DENTAL:MTLE030222,DENTAL:MTLA020222,DENTAL:MTLM030222,PHYSICIAN:MTLA030222,PHYSICIAN:MTLM010222,|false|
11-02-2022 18:43:21|Received UDP response from Sharebrooke server|[MTLP2345]|PHYSICIAN:SHEE080222,|false|
11-02-2022 18:43:21|Received UDP response from quebec server|[MTLP2345]|PHYSICIAN:QUEA110222,PHYSICIAN:QUEA030222,|false|
11-02-2022 18:43:21|Get appointment Schedule|[MTLP2345]|Appointment Schedule of MTLP2345 [DENTAL:MTLE030222,DENTAL:MTLA020222,DENTAL:MTLM030222,PHYSICIAN:MTLA030222,PHYSICIAN:MTLM010222,PHYSICIAN:SHEE080222,PHYSICIAN:QUEA110222,PHYSICIAN:QUEA030222,]|false|
11-02-2022 18:43:21|Sent UDP request to Shrebrooke server:SURGEON book appointment|[MTLP2345, SHEE070222, SURGEON]||false|
11-02-2022 18:43:21|Received UDP response from Sharebrooke server|[MTLP2345, SHEE070222, SURGEON]|Success: Appointment successfully booked|false|
11-02-2022 18:43:21|Book appointment|[MTLP2345, SHEE070222, SURGEON]|Success: Appointment successfully booked|false|
11-02-2022 18:46:39|Sent UDP request to Shrebrooke server:MTLP2345 getAppointmentSchedule|[MTLP2345]|Appointment Schedule of MTLP2345 [DENTAL:MTLE030222,DENTAL:MTLA020222,DENTAL:MTLM030222,PHYSICIAN:MTLA030222,PHYSICIAN:MTLM010222,|false|
11-02-2022 18:46:39|Sent UDP request to Quebec server:MTLP2345 getAppointmentSchedule|[MTLP2345]|Appointment Schedule of MTLP2345 [DENTAL:MTLE030222,DENTAL:MTLA020222,DENTAL:MTLM030222,PHYSICIAN:MTLA030222,PHYSICIAN:MTLM010222,|false|
11-02-2022 18:46:39|Received UDP response from Sharebrooke server|[MTLP2345]||false|
11-02-2022 18:46:39|Received UDP response from quebec server|[MTLP2345]|PHYSICIAN:QUEA030222,|false|
11-02-2022 18:46:39|Get appointment Schedule|[MTLP2345]|Appointment Schedule of MTLP2345 [DENTAL:MTLE030222,DENTAL:MTLA020222,DENTAL:MTLM030222,PHYSICIAN:MTLA030222,PHYSICIAN:MTLM010222,PHYSICIAN:QUEA030222,]|false|
11-02-2022 18:46:49|Sent UDP request to Shrebrooke server:MTLP2345 getAppointmentSchedule|[MTLP2345]|Appointment Schedule of MTLP2345 [DENTAL:MTLE030222,DENTAL:MTLA020222,DENTAL:MTLM030222,PHYSICIAN:MTLA030222,PHYSICIAN:MTLM010222,|false|
11-02-2022 18:46:49|Sent UDP request to Quebec server:MTLP2345 getAppointmentSchedule|[MTLP2345]|Appointment Schedule of MTLP2345 [DENTAL:MTLE030222,DENTAL:MTLA020222,DENTAL:MTLM030222,PHYSICIAN:MTLA030222,PHYSICIAN:MTLM010222,|false|
11-02-2022 18:46:49|Received UDP response from Sharebrooke server|[MTLP2345]||false|
11-02-2022 18:46:49|Received UDP response from quebec server|[MTLP2345]|PHYSICIAN:QUEA030222,|false|
11-02-2022 18:46:49|Get appointment Schedule|[MTLP2345]|Appointment Schedule of MTLP2345 [DENTAL:MTLE030222,DENTAL:MTLA020222,DENTAL:MTLM030222,PHYSICIAN:MTLA030222,PHYSICIAN:MTLM010222,PHYSICIAN:QUEA030222,]|false|
11-02-2022 18:46:49|Sent UDP request to Quebec server:QUEA110222 book appointment|[MTLP2345, QUEA110222, PHYSICIAN]||false|
11-02-2022 18:46:49|Received UDP response from quebec server|[MTLP2345, QUEA110222, PHYSICIAN]|Success: Appointment successfully booked|false|
11-02-2022 18:46:49|Book appointment|[MTLP2345, QUEA110222, PHYSICIAN]|Success: Appointment successfully booked|false|
11-02-2022 18:47:02|Sent UDP request to Shrebrooke server:MTLP2345 getAppointmentSchedule|[MTLP2345]|Appointment Schedule of MTLP2345 [DENTAL:MTLE030222,DENTAL:MTLA020222,DENTAL:MTLM030222,PHYSICIAN:MTLA030222,PHYSICIAN:MTLM010222,|false|
11-02-2022 18:47:02|Sent UDP request to Quebec server:MTLP2345 getAppointmentSchedule|[MTLP2345]|Appointment Schedule of MTLP2345 [DENTAL:MTLE030222,DENTAL:MTLA020222,DENTAL:MTLM030222,PHYSICIAN:MTLA030222,PHYSICIAN:MTLM010222,|false|
11-02-2022 18:47:02|Received UDP response from Sharebrooke server|[MTLP2345]||false|
11-02-2022 18:47:02|Received UDP response from quebec server|[MTLP2345]|PHYSICIAN:QUEA110222,PHYSICIAN:QUEA030222,|false|
11-02-2022 18:47:02|Get appointment Schedule|[MTLP2345]|Appointment Schedule of MTLP2345 [DENTAL:MTLE030222,DENTAL:MTLA020222,DENTAL:MTLM030222,PHYSICIAN:MTLA030222,PHYSICIAN:MTLM010222,PHYSICIAN:QUEA110222,PHYSICIAN:QUEA030222,]|false|
11-02-2022 18:47:02|Sent UDP request to Shrebrooke server:PHYSICIAN book appointment|[MTLP2345, SHEE080222, PHYSICIAN]||false|
11-02-2022 18:47:02|Received UDP response from Sharebrooke server|[MTLP2345, SHEE080222, PHYSICIAN]|Success: Appointment successfully booked|false|
11-02-2022 18:47:02|Book appointment|[MTLP2345, SHEE080222, PHYSICIAN]|Success: Appointment successfully booked|false|
11-02-2022 18:47:33|Sent UDP request to Shrebrooke server:MTLP2345 getAppointmentSchedule|[MTLP2345]|Appointment Schedule of MTLP2345 [DENTAL:MTLE030222,DENTAL:MTLA020222,DENTAL:MTLM030222,PHYSICIAN:MTLA030222,PHYSICIAN:MTLM010222,|false|
11-02-2022 18:47:33|Sent UDP request to Quebec server:MTLP2345 getAppointmentSchedule|[MTLP2345]|Appointment Schedule of MTLP2345 [DENTAL:MTLE030222,DENTAL:MTLA020222,DENTAL:MTLM030222,PHYSICIAN:MTLA030222,PHYSICIAN:MTLM010222,|false|
11-02-2022 18:47:33|Received UDP response from Sharebrooke server|[MTLP2345]|PHYSICIAN:SHEE080222,|false|
11-02-2022 18:47:33|Received UDP response from quebec server|[MTLP2345]|PHYSICIAN:QUEA110222,PHYSICIAN:QUEA030222,|false|
11-02-2022 18:47:33|Get appointment Schedule|[MTLP2345]|Appointment Schedule of MTLP2345 [DENTAL:MTLE030222,DENTAL:MTLA020222,DENTAL:MTLM030222,PHYSICIAN:MTLA030222,PHYSICIAN:MTLM010222,PHYSICIAN:SHEE080222,PHYSICIAN:QUEA110222,PHYSICIAN:QUEA030222,]|false|
11-02-2022 18:47:33|Sent UDP request to Shrebrooke server:SURGEON book appointment|[MTLP2345, SHEE070222, SURGEON]||false|
11-02-2022 18:47:33|Received UDP response from Sharebrooke server|[MTLP2345, SHEE070222, SURGEON]|Success: Appointment successfully booked|false|
11-02-2022 18:47:33|Book appointment|[MTLP2345, SHEE070222, SURGEON]|Success: Appointment successfully booked|false|
11-02-2022 18:48:06|Sent UDP request to Shrebrooke server:MTLP2345 getAppointmentSchedule|[MTLP2345]|Appointment Schedule of MTLP2345 [DENTAL:MTLE030222,DENTAL:MTLA020222,DENTAL:MTLM030222,PHYSICIAN:MTLA030222,PHYSICIAN:MTLM010222,|false|
11-02-2022 18:48:06|Sent UDP request to Quebec server:MTLP2345 getAppointmentSchedule|[MTLP2345]|Appointment Schedule of MTLP2345 [DENTAL:MTLE030222,DENTAL:MTLA020222,DENTAL:MTLM030222,PHYSICIAN:MTLA030222,PHYSICIAN:MTLM010222,|false|
11-02-2022 18:48:06|Received UDP response from quebec server|[MTLP2345]|PHYSICIAN:QUEA110222,PHYSICIAN:QUEA030222,|false|
11-02-2022 18:48:06|Received UDP response from Sharebrooke server|[MTLP2345]|PHYSICIAN:SHEE080222,SURGEON:SHEE070222,|false|
11-02-2022 18:48:06|Get appointment Schedule|[MTLP2345]|Appointment Schedule of MTLP2345 [DENTAL:MTLE030222,DENTAL:MTLA020222,DENTAL:MTLM030222,PHYSICIAN:MTLA030222,PHYSICIAN:MTLM010222,PHYSICIAN:QUEA110222,PHYSICIAN:QUEA030222,PHYSICIAN:SHEE080222,SURGEON:SHEE070222,]|false|
11-02-2022 18:48:06|Sent UDP request to Quebec server:QUEE120222 book appointment|[MTLP2345, QUEE120222, SURGEON]||false|
11-02-2022 18:48:06|Received UDP response from quebec server|[MTLP2345, QUEE120222, SURGEON]|Success: Appointment successfully booked|false|
11-02-2022 18:48:06|Book appointment|[MTLP2345, QUEE120222, SURGEON]|Success: Appointment successfully booked|false|
11-02-2022 18:49:45|Sent UDP request to Shrebrooke server:MTLP2345 getAppointmentSchedule|[MTLP2345]|Appointment Schedule of MTLP2345 [DENTAL:MTLE030222,DENTAL:MTLA020222,DENTAL:MTLM030222,PHYSICIAN:MTLA030222,PHYSICIAN:MTLM010222,|false|
11-02-2022 18:49:45|Sent UDP request to Quebec server:MTLP2345 getAppointmentSchedule|[MTLP2345]|Appointment Schedule of MTLP2345 [DENTAL:MTLE030222,DENTAL:MTLA020222,DENTAL:MTLM030222,PHYSICIAN:MTLA030222,PHYSICIAN:MTLM010222,|false|
11-02-2022 18:49:45|Received UDP response from Sharebrooke server|[MTLP2345]|PHYSICIAN:SHEE080222,SURGEON:SHEE070222,|false|
11-02-2022 18:49:45|Received UDP response from quebec server|[MTLP2345]|SURGEON:QUEE120222,PHYSICIAN:QUEA110222,PHYSICIAN:QUEA030222,|false|
11-02-2022 18:49:45|Get appointment Schedule|[MTLP2345]|Appointment Schedule of MTLP2345 [DENTAL:MTLE030222,DENTAL:MTLA020222,DENTAL:MTLM030222,PHYSICIAN:MTLA030222,PHYSICIAN:MTLM010222,PHYSICIAN:SHEE080222,SURGEON:SHEE070222,SURGEON:QUEE120222,PHYSICIAN:QUEA110222,PHYSICIAN:QUEA030222,]|false|
11-02-2022 18:49:45|Sent UDP request to Quebec server:QUEM120222 book appointment|[MTLP2345, QUEM120222, PHYSICIAN]||false|
11-02-2022 18:49:45|Received UDP response from quebec server|[MTLP2345, QUEM120222, PHYSICIAN]|Failed: No appointment available for selected slot|false|
11-02-2022 18:49:45|Book appointment|[MTLP2345, QUEM120222, PHYSICIAN]|Failed: No appointment available for selected slot|false|
11-02-2022 18:50:00|Sent UDP request to Shrebrooke server:MTLP2345 getAppointmentSchedule|[MTLP2345]|Appointment Schedule of MTLP2345 [DENTAL:MTLE030222,DENTAL:MTLA020222,DENTAL:MTLM030222,PHYSICIAN:MTLA030222,PHYSICIAN:MTLM010222,|false|
11-02-2022 18:50:00|Sent UDP request to Quebec server:MTLP2345 getAppointmentSchedule|[MTLP2345]|Appointment Schedule of MTLP2345 [DENTAL:MTLE030222,DENTAL:MTLA020222,DENTAL:MTLM030222,PHYSICIAN:MTLA030222,PHYSICIAN:MTLM010222,|false|
11-02-2022 18:50:00|Received UDP response from Sharebrooke server|[MTLP2345]|PHYSICIAN:SHEE080222,SURGEON:SHEE070222,|false|
11-02-2022 18:50:00|Received UDP response from quebec server|[MTLP2345]|SURGEON:QUEE120222,PHYSICIAN:QUEA110222,PHYSICIAN:QUEA030222,|false|
11-02-2022 18:50:00|Get appointment Schedule|[MTLP2345]|Appointment Schedule of MTLP2345 [DENTAL:MTLE030222,DENTAL:MTLA020222,DENTAL:MTLM030222,PHYSICIAN:MTLA030222,PHYSICIAN:MTLM010222,PHYSICIAN:SHEE080222,SURGEON:SHEE070222,SURGEON:QUEE120222,PHYSICIAN:QUEA110222,PHYSICIAN:QUEA030222,]|false|
11-02-2022 18:50:00|Sent UDP request to Quebec server:QUEM120222 book appointment|[MTLP2345, QUEM120222, PHYSICIAN]||false|
11-02-2022 18:50:00|Received UDP response from quebec server|[MTLP2345, QUEM120222, PHYSICIAN]|Success: Appointment successfully booked|false|
11-02-2022 18:50:00|Book appointment|[MTLP2345, QUEM120222, PHYSICIAN]|Success: Appointment successfully booked|false|
11-02-2022 18:51:54|Sent UDP request to Shrebrooke server:MTLP2345 getAppointmentSchedule|[MTLP2345]|Appointment Schedule of MTLP2345 [PHYSICIAN:MTLA030222,PHYSICIAN:MTLM010222,DENTAL:MTLE030222,DENTAL:MTLA020222,DENTAL:MTLM030222,|false|
11-02-2022 18:51:54|Sent UDP request to Quebec server:MTLP2345 getAppointmentSchedule|[MTLP2345]|Appointment Schedule of MTLP2345 [PHYSICIAN:MTLA030222,PHYSICIAN:MTLM010222,DENTAL:MTLE030222,DENTAL:MTLA020222,DENTAL:MTLM030222,|false|
11-02-2022 18:51:54|Received UDP response from quebec server|[MTLP2345]|PHYSICIAN:QUEA030222,|false|
11-02-2022 18:51:54|Received UDP response from Sharebrooke server|[MTLP2345]||false|
11-02-2022 18:51:54|Get appointment Schedule|[MTLP2345]|Appointment Schedule of MTLP2345 [PHYSICIAN:MTLA030222,PHYSICIAN:MTLM010222,DENTAL:MTLE030222,DENTAL:MTLA020222,DENTAL:MTLM030222,PHYSICIAN:QUEA030222,]|false|
11-02-2022 18:51:54|Sent UDP request to Quebec server:QUEM110222 book appointment|[MTLP2345, QUEM110222, PHYSICIAN]||false|
11-02-2022 18:51:54|Received UDP response from quebec server|[MTLP2345, QUEM110222, PHYSICIAN]|Success: Appointment successfully booked|false|
11-02-2022 18:51:54|Book appointment|[MTLP2345, QUEM110222, PHYSICIAN]|Success: Appointment successfully booked|false|
11-02-2022 18:51:59|Sent UDP request to Shrebrooke server:MTLP2345 getAppointmentSchedule|[MTLP2345]|Appointment Schedule of MTLP2345 [PHYSICIAN:MTLA030222,PHYSICIAN:MTLM010222,DENTAL:MTLE030222,DENTAL:MTLA020222,DENTAL:MTLM030222,|false|
11-02-2022 18:51:59|Sent UDP request to Quebec server:MTLP2345 getAppointmentSchedule|[MTLP2345]|Appointment Schedule of MTLP2345 [PHYSICIAN:MTLA030222,PHYSICIAN:MTLM010222,DENTAL:MTLE030222,DENTAL:MTLA020222,DENTAL:MTLM030222,|false|
11-02-2022 18:51:59|Received UDP response from Sharebrooke server|[MTLP2345]||false|
11-02-2022 18:51:59|Received UDP response from quebec server|[MTLP2345]|PHYSICIAN:QUEM110222,PHYSICIAN:QUEA030222,|false|
11-02-2022 18:51:59|Get appointment Schedule|[MTLP2345]|Appointment Schedule of MTLP2345 [PHYSICIAN:MTLA030222,PHYSICIAN:MTLM010222,DENTAL:MTLE030222,DENTAL:MTLA020222,DENTAL:MTLM030222,PHYSICIAN:QUEM110222,PHYSICIAN:QUEA030222,]|false|
11-02-2022 18:51:59|Book appointment|[MTLP2345, QUEE110222, PHYSICIAN]|Failed: Patient has already booked appointment in same day withPHYSICIAN|false|
11-02-2022 18:52:24|Sent UDP request to Shrebrooke server:MTLP2345 getAppointmentSchedule|[MTLP2345]|Appointment Schedule of MTLP2345 [PHYSICIAN:MTLA030222,PHYSICIAN:MTLM010222,DENTAL:MTLE030222,DENTAL:MTLA020222,DENTAL:MTLM030222,|false|
11-02-2022 18:52:24|Sent UDP request to Quebec server:MTLP2345 getAppointmentSchedule|[MTLP2345]|Appointment Schedule of MTLP2345 [PHYSICIAN:MTLA030222,PHYSICIAN:MTLM010222,DENTAL:MTLE030222,DENTAL:MTLA020222,DENTAL:MTLM030222,|false|
11-02-2022 18:52:24|Received UDP response from Sharebrooke server|[MTLP2345]||false|
11-02-2022 18:52:24|Received UDP response from quebec server|[MTLP2345]|PHYSICIAN:QUEM110222,PHYSICIAN:QUEA030222,|false|
11-02-2022 18:52:24|Get appointment Schedule|[MTLP2345]|Appointment Schedule of MTLP2345 [PHYSICIAN:MTLA030222,PHYSICIAN:MTLM010222,DENTAL:MTLE030222,DENTAL:MTLA020222,DENTAL:MTLM030222,PHYSICIAN:QUEM110222,PHYSICIAN:QUEA030222,]|false|
11-02-2022 18:52:40|Sent UDP request to Shrebrooke server:MTLP2345 getAppointmentSchedule|[MTLP2345]|Appointment Schedule of MTLP2345 [PHYSICIAN:MTLA030222,PHYSICIAN:MTLM010222,DENTAL:MTLE030222,DENTAL:MTLA020222,DENTAL:MTLM030222,|false|
11-02-2022 18:52:40|Sent UDP request to Quebec server:MTLP2345 getAppointmentSchedule|[MTLP2345]|Appointment Schedule of MTLP2345 [PHYSICIAN:MTLA030222,PHYSICIAN:MTLM010222,DENTAL:MTLE030222,DENTAL:MTLA020222,DENTAL:MTLM030222,|false|
11-02-2022 18:52:40|Received UDP response from Sharebrooke server|[MTLP2345]||false|
11-02-2022 18:52:40|Received UDP response from quebec server|[MTLP2345]|PHYSICIAN:QUEM110222,PHYSICIAN:QUEA030222,|false|
11-02-2022 18:52:40|Get appointment Schedule|[MTLP2345]|Appointment Schedule of MTLP2345 [PHYSICIAN:MTLA030222,PHYSICIAN:MTLM010222,DENTAL:MTLE030222,DENTAL:MTLA020222,DENTAL:MTLM030222,PHYSICIAN:QUEM110222,PHYSICIAN:QUEA030222,]|false|
11-02-2022 18:52:40|Sent UDP request to Shrebrooke server:PHYSICIAN book appointment|[MTLP2345, SHEE080222, PHYSICIAN]||false|
11-02-2022 18:52:40|Received UDP response from Sharebrooke server|[MTLP2345, SHEE080222, PHYSICIAN]|Success: Appointment successfully booked|false|
11-02-2022 18:52:40|Book appointment|[MTLP2345, SHEE080222, PHYSICIAN]|Success: Appointment successfully booked|false|
11-02-2022 18:53:04|Sent UDP request to Shrebrooke server:MTLP2345 getAppointmentSchedule|[MTLP2345]|Appointment Schedule of MTLP2345 [PHYSICIAN:MTLA030222,PHYSICIAN:MTLM010222,DENTAL:MTLE030222,DENTAL:MTLA020222,DENTAL:MTLM030222,|false|
11-02-2022 18:53:04|Sent UDP request to Quebec server:MTLP2345 getAppointmentSchedule|[MTLP2345]|Appointment Schedule of MTLP2345 [PHYSICIAN:MTLA030222,PHYSICIAN:MTLM010222,DENTAL:MTLE030222,DENTAL:MTLA020222,DENTAL:MTLM030222,|false|
11-02-2022 18:53:04|Received UDP response from quebec server|[MTLP2345]|PHYSICIAN:QUEM110222,PHYSICIAN:QUEA030222,|false|
11-02-2022 18:53:04|Received UDP response from Sharebrooke server|[MTLP2345]|PHYSICIAN:SHEE080222,|false|
11-02-2022 18:53:04|Get appointment Schedule|[MTLP2345]|Appointment Schedule of MTLP2345 [PHYSICIAN:MTLA030222,PHYSICIAN:MTLM010222,DENTAL:MTLE030222,DENTAL:MTLA020222,DENTAL:MTLM030222,PHYSICIAN:SHEE080222,PHYSICIAN:QUEM110222,PHYSICIAN:QUEA030222,]|false|
11-02-2022 18:53:45|Sent UDP request to Shrebrooke server:MTLP2345 getAppointmentSchedule|[MTLP2345]|Appointment Schedule of MTLP2345 [PHYSICIAN:MTLA030222,PHYSICIAN:MTLM010222,DENTAL:MTLE030222,DENTAL:MTLA020222,DENTAL:MTLM030222,|false|
11-02-2022 18:53:45|Sent UDP request to Quebec server:MTLP2345 getAppointmentSchedule|[MTLP2345]|Appointment Schedule of MTLP2345 [PHYSICIAN:MTLA030222,PHYSICIAN:MTLM010222,DENTAL:MTLE030222,DENTAL:MTLA020222,DENTAL:MTLM030222,|false|
11-02-2022 18:53:45|Received UDP response from Sharebrooke server|[MTLP2345]|PHYSICIAN:SHEE080222,|false|
11-02-2022 18:53:45|Received UDP response from quebec server|[MTLP2345]|PHYSICIAN:QUEM110222,PHYSICIAN:QUEA030222,|false|
11-02-2022 18:53:45|Get appointment Schedule|[MTLP2345]|Appointment Schedule of MTLP2345 [PHYSICIAN:MTLA030222,PHYSICIAN:MTLM010222,DENTAL:MTLE030222,DENTAL:MTLA020222,DENTAL:MTLM030222,PHYSICIAN:SHEE080222,PHYSICIAN:QUEM110222,PHYSICIAN:QUEA030222,]|false|
11-02-2022 18:53:45|Sent UDP request to Shrebrooke server:SURGEON book appointment|[MTLP2345, SHEE070222, SURGEON]||false|
11-02-2022 18:53:45|Received UDP response from Sharebrooke server|[MTLP2345, SHEE070222, SURGEON]|Success: Appointment successfully booked|false|
11-02-2022 18:53:45|Book appointment|[MTLP2345, SHEE070222, SURGEON]|Success: Appointment successfully booked|false|
11-02-2022 18:54:00|Sent UDP request to Shrebrooke server:MTLP2345 getAppointmentSchedule|[MTLP2345]|Appointment Schedule of MTLP2345 [PHYSICIAN:MTLA030222,PHYSICIAN:MTLM010222,DENTAL:MTLE030222,DENTAL:MTLA020222,DENTAL:MTLM030222,|false|
11-02-2022 18:54:00|Sent UDP request to Quebec server:MTLP2345 getAppointmentSchedule|[MTLP2345]|Appointment Schedule of MTLP2345 [PHYSICIAN:MTLA030222,PHYSICIAN:MTLM010222,DENTAL:MTLE030222,DENTAL:MTLA020222,DENTAL:MTLM030222,|false|
11-02-2022 18:54:00|Received UDP response from Sharebrooke server|[MTLP2345]|PHYSICIAN:SHEE080222,SURGEON:SHEE070222,|false|
11-02-2022 18:54:00|Received UDP response from quebec server|[MTLP2345]|PHYSICIAN:QUEM110222,PHYSICIAN:QUEA030222,|false|
11-02-2022 18:54:00|Get appointment Schedule|[MTLP2345]|Appointment Schedule of MTLP2345 [PHYSICIAN:MTLA030222,PHYSICIAN:MTLM010222,DENTAL:MTLE030222,DENTAL:MTLA020222,DENTAL:MTLM030222,PHYSICIAN:SHEE080222,SURGEON:SHEE070222,PHYSICIAN:QUEM110222,PHYSICIAN:QUEA030222,]|false|
11-02-2022 18:54:59|Sent UDP request to Shrebrooke server:MTLP2345 getAppointmentSchedule|[MTLP2345]|Appointment Schedule of MTLP2345 [PHYSICIAN:MTLA030222,PHYSICIAN:MTLM010222,DENTAL:MTLE030222,DENTAL:MTLA020222,DENTAL:MTLM030222,|false|
11-02-2022 18:54:59|Sent UDP request to Quebec server:MTLP2345 getAppointmentSchedule|[MTLP2345]|Appointment Schedule of MTLP2345 [PHYSICIAN:MTLA030222,PHYSICIAN:MTLM010222,DENTAL:MTLE030222,DENTAL:MTLA020222,DENTAL:MTLM030222,|false|
11-02-2022 18:54:59|Received UDP response from quebec server|[MTLP2345]|PHYSICIAN:QUEM110222,PHYSICIAN:QUEA030222,|false|
11-02-2022 18:54:59|Received UDP response from Sharebrooke server|[MTLP2345]|PHYSICIAN:SHEE080222,SURGEON:SHEE070222,|false|
11-02-2022 18:54:59|Get appointment Schedule|[MTLP2345]|Appointment Schedule of MTLP2345 [PHYSICIAN:MTLA030222,PHYSICIAN:MTLM010222,DENTAL:MTLE030222,DENTAL:MTLA020222,DENTAL:MTLM030222,PHYSICIAN:QUEM110222,PHYSICIAN:QUEA030222,PHYSICIAN:SHEE080222,SURGEON:SHEE070222,]|false|
11-02-2022 18:54:59|Sent UDP request to Quebec server:QUEE120222 book appointment|[MTLP2345, QUEE120222, PHYSICIAN]||false|
11-02-2022 18:54:59|Received UDP response from quebec server|[MTLP2345, QUEE120222, PHYSICIAN]|Success: Appointment successfully booked|false|
11-02-2022 18:54:59|Book appointment|[MTLP2345, QUEE120222, PHYSICIAN]|Success: Appointment successfully booked|false|
11-02-2022 18:57:50|Sent UDP request to Shrebrooke server:MTLP2345 getAppointmentSchedule|[MTLP2345]|Appointment Schedule of MTLP2345 [DENTAL:MTLE030222,DENTAL:MTLA020222,DENTAL:MTLM030222,PHYSICIAN:MTLA030222,PHYSICIAN:MTLM010222,|false|
11-02-2022 18:57:50|Sent UDP request to Quebec server:MTLP2345 getAppointmentSchedule|[MTLP2345]|Appointment Schedule of MTLP2345 [DENTAL:MTLE030222,DENTAL:MTLA020222,DENTAL:MTLM030222,PHYSICIAN:MTLA030222,PHYSICIAN:MTLM010222,|false|
11-02-2022 18:57:50|Received UDP response from Sharebrooke server|[MTLP2345]|PHYSICIAN:SHEE080222,SURGEON:SHEE070222,|false|
11-02-2022 18:57:50|Received UDP response from quebec server|[MTLP2345]|PHYSICIAN:QUEA030222,|false|
11-02-2022 18:57:50|Get appointment Schedule|[MTLP2345]|Appointment Schedule of MTLP2345 [DENTAL:MTLE030222,DENTAL:MTLA020222,DENTAL:MTLM030222,PHYSICIAN:MTLA030222,PHYSICIAN:MTLM010222,PHYSICIAN:SHEE080222,SURGEON:SHEE070222,PHYSICIAN:QUEA030222,]|false|
11-02-2022 18:58:28|Sent UDP request to Shrebrooke server:MTLP2345 getAppointmentSchedule|[MTLP2345]|Appointment Schedule of MTLP2345 [DENTAL:MTLE030222,DENTAL:MTLA020222,DENTAL:MTLM030222,PHYSICIAN:MTLA030222,PHYSICIAN:MTLM010222,|false|
11-02-2022 18:58:28|Sent UDP request to Quebec server:MTLP2345 getAppointmentSchedule|[MTLP2345]|Appointment Schedule of MTLP2345 [DENTAL:MTLE030222,DENTAL:MTLA020222,DENTAL:MTLM030222,PHYSICIAN:MTLA030222,PHYSICIAN:MTLM010222,|false|
11-02-2022 18:58:28|Received UDP response from quebec server|[MTLP2345]|PHYSICIAN:QUEA030222,|false|
11-02-2022 18:58:28|Received UDP response from Sharebrooke server|[MTLP2345]|PHYSICIAN:SHEE080222,SURGEON:SHEE070222,|false|
11-02-2022 18:58:28|Get appointment Schedule|[MTLP2345]|Appointment Schedule of MTLP2345 [DENTAL:MTLE030222,DENTAL:MTLA020222,DENTAL:MTLM030222,PHYSICIAN:MTLA030222,PHYSICIAN:MTLM010222,PHYSICIAN:QUEA030222,PHYSICIAN:SHEE080222,SURGEON:SHEE070222,]|false|
11-02-2022 18:58:28|Sent UDP request to Quebec server:QUEA110222 book appointment|[MTLP2345, QUEA110222, PHYSICIAN]||false|
11-02-2022 18:58:28|Received UDP response from quebec server|[MTLP2345, QUEA110222, PHYSICIAN]|Success: Appointment successfully booked|false|
11-02-2022 18:58:28|Book appointment|[MTLP2345, QUEA110222, PHYSICIAN]|Success: Appointment successfully booked|false|
11-02-2022 18:58:30|Sent UDP request to Shrebrooke server:MTLP2345 getAppointmentSchedule|[MTLP2345]|Appointment Schedule of MTLP2345 [DENTAL:MTLE030222,DENTAL:MTLA020222,DENTAL:MTLM030222,PHYSICIAN:MTLA030222,PHYSICIAN:MTLM010222,|false|
11-02-2022 18:58:30|Sent UDP request to Quebec server:MTLP2345 getAppointmentSchedule|[MTLP2345]|Appointment Schedule of MTLP2345 [DENTAL:MTLE030222,DENTAL:MTLA020222,DENTAL:MTLM030222,PHYSICIAN:MTLA030222,PHYSICIAN:MTLM010222,|false|
11-02-2022 18:58:30|Received UDP response from Sharebrooke server|[MTLP2345]|PHYSICIAN:SHEE080222,SURGEON:SHEE070222,|false|
11-02-2022 18:58:30|Received UDP response from quebec server|[MTLP2345]|PHYSICIAN:QUEA110222,PHYSICIAN:QUEA030222,|false|
11-02-2022 18:58:30|Get appointment Schedule|[MTLP2345]|Appointment Schedule of MTLP2345 [DENTAL:MTLE030222,DENTAL:MTLA020222,DENTAL:MTLM030222,PHYSICIAN:MTLA030222,PHYSICIAN:MTLM010222,PHYSICIAN:SHEE080222,SURGEON:SHEE070222,PHYSICIAN:QUEA110222,PHYSICIAN:QUEA030222,]|false|
11-02-2022 18:58:30|Book appointment|[MTLP2345, QUEA110222, PHYSICIAN]|Failed: Patient has already booked appointment in same day withPHYSICIAN|false|
11-02-2022 18:59:18|Sent UDP request to Shrebrooke server:MTLP2345 getAppointmentSchedule|[MTLP2345]|Appointment Schedule of MTLP2345 [DENTAL:MTLE030222,DENTAL:MTLA020222,DENTAL:MTLM030222,PHYSICIAN:MTLA030222,PHYSICIAN:MTLM010222,|false|
11-02-2022 18:59:18|Sent UDP request to Quebec server:MTLP2345 getAppointmentSchedule|[MTLP2345]|Appointment Schedule of MTLP2345 [DENTAL:MTLE030222,DENTAL:MTLA020222,DENTAL:MTLM030222,PHYSICIAN:MTLA030222,PHYSICIAN:MTLM010222,|false|
11-02-2022 18:59:18|Received UDP response from Sharebrooke server|[MTLP2345]|PHYSICIAN:SHEE080222,SURGEON:SHEE070222,|false|
11-02-2022 18:59:18|Received UDP response from quebec server|[MTLP2345]|PHYSICIAN:QUEA110222,PHYSICIAN:QUEA030222,|false|
11-02-2022 18:59:18|Get appointment Schedule|[MTLP2345]|Appointment Schedule of MTLP2345 [DENTAL:MTLE030222,DENTAL:MTLA020222,DENTAL:MTLM030222,PHYSICIAN:MTLA030222,PHYSICIAN:MTLM010222,PHYSICIAN:SHEE080222,SURGEON:SHEE070222,PHYSICIAN:QUEA110222,PHYSICIAN:QUEA030222,]|false|
11-02-2022 18:59:18|Sent UDP request to Quebec server:QUEA120222 book appointment|[MTLP2345, QUEA120222, PHYSICIAN]||false|
11-02-2022 18:59:18|Received UDP response from quebec server|[MTLP2345, QUEA120222, PHYSICIAN]|Success: Appointment successfully booked|false|
11-02-2022 18:59:18|Book appointment|[MTLP2345, QUEA120222, PHYSICIAN]|Success: Appointment successfully booked|false|
11-02-2022 19:02:32|Sent UDP request to Shrebrooke server:MTLP2345 getAppointmentSchedule|[MTLP2345]|Appointment Schedule of MTLP2345 [PHYSICIAN:MTLA030222,PHYSICIAN:MTLM010222,DENTAL:MTLE030222,DENTAL:MTLA020222,DENTAL:MTLM030222,|false|
11-02-2022 19:02:32|Sent UDP request to Quebec server:MTLP2345 getAppointmentSchedule|[MTLP2345]|Appointment Schedule of MTLP2345 [PHYSICIAN:MTLA030222,PHYSICIAN:MTLM010222,DENTAL:MTLE030222,DENTAL:MTLA020222,DENTAL:MTLM030222,|false|
11-02-2022 19:02:32|Received UDP response from Sharebrooke server|[MTLP2345]|PHYSICIAN:SHEE080222,SURGEON:SHEE070222,|false|
11-02-2022 19:02:32|Received UDP response from quebec server|[MTLP2345]|PHYSICIAN:QUEA030222,|false|
11-02-2022 19:02:32|Get appointment Schedule|[MTLP2345]|Appointment Schedule of MTLP2345 [PHYSICIAN:MTLA030222,PHYSICIAN:MTLM010222,DENTAL:MTLE030222,DENTAL:MTLA020222,DENTAL:MTLM030222,PHYSICIAN:SHEE080222,SURGEON:SHEE070222,PHYSICIAN:QUEA030222,]|false|
11-02-2022 19:03:11|Sent UDP request to Shrebrooke server:MTLP2345 getAppointmentSchedule|[MTLP2345]|Appointment Schedule of MTLP2345 [PHYSICIAN:MTLA030222,PHYSICIAN:MTLM010222,DENTAL:MTLE030222,DENTAL:MTLA020222,DENTAL:MTLM030222,|false|
11-02-2022 19:03:11|Sent UDP request to Quebec server:MTLP2345 getAppointmentSchedule|[MTLP2345]|Appointment Schedule of MTLP2345 [PHYSICIAN:MTLA030222,PHYSICIAN:MTLM010222,DENTAL:MTLE030222,DENTAL:MTLA020222,DENTAL:MTLM030222,|false|
11-02-2022 19:03:11|Received UDP response from Sharebrooke server|[MTLP2345]|PHYSICIAN:SHEE080222,SURGEON:SHEE070222,|false|
11-02-2022 19:03:11|Received UDP response from quebec server|[MTLP2345]|PHYSICIAN:QUEA030222,|false|
11-02-2022 19:03:11|Get appointment Schedule|[MTLP2345]|Appointment Schedule of MTLP2345 [PHYSICIAN:MTLA030222,PHYSICIAN:MTLM010222,DENTAL:MTLE030222,DENTAL:MTLA020222,DENTAL:MTLM030222,PHYSICIAN:SHEE080222,SURGEON:SHEE070222,PHYSICIAN:QUEA030222,]|false|
11-02-2022 19:03:11|Sent UDP request to Quebec server:QUEA110222 book appointment|[MTLP2345, QUEA110222, PHYSICIAN]||false|
11-02-2022 19:03:11|Received UDP response from quebec server|[MTLP2345, QUEA110222, PHYSICIAN]|Success: Appointment successfully booked|false|
11-02-2022 19:03:11|Book appointment|[MTLP2345, QUEA110222, PHYSICIAN]|Success: Appointment successfully booked|false|
11-02-2022 19:03:23|Sent UDP request to Shrebrooke server:MTLP2345 getAppointmentSchedule|[MTLP2345]|Appointment Schedule of MTLP2345 [PHYSICIAN:MTLA030222,PHYSICIAN:MTLM010222,DENTAL:MTLE030222,DENTAL:MTLA020222,DENTAL:MTLM030222,|false|
11-02-2022 19:03:23|Sent UDP request to Quebec server:MTLP2345 getAppointmentSchedule|[MTLP2345]|Appointment Schedule of MTLP2345 [PHYSICIAN:MTLA030222,PHYSICIAN:MTLM010222,DENTAL:MTLE030222,DENTAL:MTLA020222,DENTAL:MTLM030222,|false|
11-02-2022 19:03:23|Received UDP response from Sharebrooke server|[MTLP2345]|PHYSICIAN:SHEE080222,SURGEON:SHEE070222,|false|
11-02-2022 19:03:23|Received UDP response from quebec server|[MTLP2345]|PHYSICIAN:QUEA110222,PHYSICIAN:QUEA030222,|false|
11-02-2022 19:03:23|Get appointment Schedule|[MTLP2345]|Appointment Schedule of MTLP2345 [PHYSICIAN:MTLA030222,PHYSICIAN:MTLM010222,DENTAL:MTLE030222,DENTAL:MTLA020222,DENTAL:MTLM030222,PHYSICIAN:SHEE080222,SURGEON:SHEE070222,PHYSICIAN:QUEA110222,PHYSICIAN:QUEA030222,]|false|
11-02-2022 19:03:23|Book appointment|[MTLP2345, QUEA120222, PHYSICIAN]|Failed: Patient has already booked 3 appointment other than Montreal Server|false|
11-02-2022 19:06:04|Sent UDP request to Shrebrooke server:MTLP2345 getAppointmentSchedule|[MTLP2345]|Appointment Schedule of MTLP2345 [PHYSICIAN:MTLA030222,PHYSICIAN:MTLM010222,DENTAL:MTLE030222,DENTAL:MTLA020222,DENTAL:MTLM030222,|false|
11-02-2022 19:06:04|Sent UDP request to Quebec server:MTLP2345 getAppointmentSchedule|[MTLP2345]|Appointment Schedule of MTLP2345 [PHYSICIAN:MTLA030222,PHYSICIAN:MTLM010222,DENTAL:MTLE030222,DENTAL:MTLA020222,DENTAL:MTLM030222,|false|
11-02-2022 19:06:04|Received UDP response from Sharebrooke server|[MTLP2345]|PHYSICIAN:SHEE080222,SURGEON:SHEE070222,|false|
11-02-2022 19:06:04|Received UDP response from quebec server|[MTLP2345]|PHYSICIAN:QUEA110222,PHYSICIAN:QUEA030222,|false|
11-02-2022 19:06:04|Get appointment Schedule|[MTLP2345]|Appointment Schedule of MTLP2345 [PHYSICIAN:MTLA030222,PHYSICIAN:MTLM010222,DENTAL:MTLE030222,DENTAL:MTLA020222,DENTAL:MTLM030222,PHYSICIAN:SHEE080222,SURGEON:SHEE070222,PHYSICIAN:QUEA110222,PHYSICIAN:QUEA030222,]|false|
11-02-2022 19:45:01|Sent UDP request to Shrebrooke server:MTLP2345 getAppointmentSchedule|[MTLP2345]|Appointment Schedule of MTLP2345 [DENTAL:MTLE030222,DENTAL:MTLA020222,DENTAL:MTLM030222,PHYSICIAN:MTLA030222,PHYSICIAN:MTLM010222,|false|
11-02-2022 19:45:01|Sent UDP request to Quebec server:MTLP2345 getAppointmentSchedule|[MTLP2345]|Appointment Schedule of MTLP2345 [DENTAL:MTLE030222,DENTAL:MTLA020222,DENTAL:MTLM030222,PHYSICIAN:MTLA030222,PHYSICIAN:MTLM010222,|false|
11-02-2022 19:45:01|Received UDP response from quebec server|[MTLP2345]|PHYSICIAN:QUEA040222,|false|
11-02-2022 19:45:01|Received UDP response from Sharebrooke server|[MTLP2345]|PHYSICIAN:SHEE080222,|false|
11-02-2022 19:45:01|Get appointment Schedule|[MTLP2345]|Appointment Schedule of MTLP2345 [DENTAL:MTLE030222,DENTAL:MTLA020222,DENTAL:MTLM030222,PHYSICIAN:MTLA030222,PHYSICIAN:MTLM010222,PHYSICIAN:QUEA040222,PHYSICIAN:SHEE080222,]|false|
11-02-2022 19:45:01|Sent UDP request to Quebec server:QUEA110222 book appointment|[MTLP2345, QUEA110222, PHYSICIAN]||false|
11-02-2022 19:45:01|Received UDP response from quebec server|[MTLP2345, QUEA110222, PHYSICIAN]|Success: Appointment successfully booked|false|
11-02-2022 19:45:01|Book appointment|[MTLP2345, QUEA110222, PHYSICIAN]|Success: Appointment successfully booked|false|
11-02-2022 19:45:36|Sent UDP request to Shrebrooke server:MTLP2345 getAppointmentSchedule|[MTLP2345]|Appointment Schedule of MTLP2345 [DENTAL:MTLE030222,DENTAL:MTLA020222,DENTAL:MTLM030222,PHYSICIAN:MTLA030222,PHYSICIAN:MTLM010222,|false|
11-02-2022 19:45:36|Sent UDP request to Quebec server:MTLP2345 getAppointmentSchedule|[MTLP2345]|Appointment Schedule of MTLP2345 [DENTAL:MTLE030222,DENTAL:MTLA020222,DENTAL:MTLM030222,PHYSICIAN:MTLA030222,PHYSICIAN:MTLM010222,|false|
11-02-2022 19:45:36|Received UDP response from quebec server|[MTLP2345]|PHYSICIAN:QUEA110222,PHYSICIAN:QUEA040222,|false|
11-02-2022 19:45:36|Received UDP response from Sharebrooke server|[MTLP2345]|PHYSICIAN:SHEE080222,|false|
11-02-2022 19:45:36|Get appointment Schedule|[MTLP2345]|Appointment Schedule of MTLP2345 [DENTAL:MTLE030222,DENTAL:MTLA020222,DENTAL:MTLM030222,PHYSICIAN:MTLA030222,PHYSICIAN:MTLM010222,PHYSICIAN:QUEA110222,PHYSICIAN:QUEA040222,PHYSICIAN:SHEE080222,]|false|
11-02-2022 19:45:36|Sent UDP request to Quebec server:QUEA110222 book appointment|[MTLP2345, QUEA110222, DENTAL]||false|
11-02-2022 19:45:36|Received UDP response from quebec server|[MTLP2345, QUEA110222, DENTAL]|Failed: No appointment available for selected slot|false|
11-02-2022 19:45:36|Book appointment|[MTLP2345, QUEA110222, DENTAL]|Failed: No appointment available for selected slot|false|
11-02-2022 19:46:17|Sent UDP request to Shrebrooke server:MTLP2345 getAppointmentSchedule|[MTLP2345]|Appointment Schedule of MTLP2345 [DENTAL:MTLE030222,DENTAL:MTLA020222,DENTAL:MTLM030222,PHYSICIAN:MTLA030222,PHYSICIAN:MTLM010222,|false|
11-02-2022 19:46:17|Sent UDP request to Quebec server:MTLP2345 getAppointmentSchedule|[MTLP2345]|Appointment Schedule of MTLP2345 [DENTAL:MTLE030222,DENTAL:MTLA020222,DENTAL:MTLM030222,PHYSICIAN:MTLA030222,PHYSICIAN:MTLM010222,|false|
11-02-2022 19:46:17|Received UDP response from Sharebrooke server|[MTLP2345]|PHYSICIAN:SHEE080222,|false|
11-02-2022 19:46:17|Received UDP response from quebec server|[MTLP2345]|PHYSICIAN:QUEA110222,PHYSICIAN:QUEA040222,|false|
11-02-2022 19:46:17|Get appointment Schedule|[MTLP2345]|Appointment Schedule of MTLP2345 [DENTAL:MTLE030222,DENTAL:MTLA020222,DENTAL:MTLM030222,PHYSICIAN:MTLA030222,PHYSICIAN:MTLM010222,PHYSICIAN:SHEE080222,PHYSICIAN:QUEA110222,PHYSICIAN:QUEA040222,]|false|
11-02-2022 19:46:17|Book appointment|[MTLP2345, MTLA030222, PHYSICIAN]|Failed: Patient has already booked appointment in same day withPHYSICIAN|false|
11-02-2022 19:49:23|Sent UDP request to Shrebrooke server:MTLP2345 getAppointmentSchedule|[MTLP2345]|Appointment Schedule of MTLP2345 [DENTAL:MTLE030222,DENTAL:MTLA020222,DENTAL:MTLM030222,PHYSICIAN:MTLA030222,PHYSICIAN:MTLM010222,|false|
11-02-2022 19:49:23|Sent UDP request to Quebec server:MTLP2345 getAppointmentSchedule|[MTLP2345]|Appointment Schedule of MTLP2345 [DENTAL:MTLE030222,DENTAL:MTLA020222,DENTAL:MTLM030222,PHYSICIAN:MTLA030222,PHYSICIAN:MTLM010222,|false|
11-02-2022 19:49:23|Received UDP response from Sharebrooke server|[MTLP2345]|PHYSICIAN:SHEE080222,|false|
11-02-2022 19:49:23|Received UDP response from quebec server|[MTLP2345]|PHYSICIAN:QUEA110222,PHYSICIAN:QUEA040222,|false|
11-02-2022 19:49:23|Get appointment Schedule|[MTLP2345]|Appointment Schedule of MTLP2345 [DENTAL:MTLE030222,DENTAL:MTLA020222,DENTAL:MTLM030222,PHYSICIAN:MTLA030222,PHYSICIAN:MTLM010222,PHYSICIAN:SHEE080222,PHYSICIAN:QUEA110222,PHYSICIAN:QUEA040222,]|false|
11-02-2022 19:49:23|Sent UDP request to Quebec server:QUEA120222 book appointment|[MTLP2345, QUEA120222, PHYSICIAN]||false|
11-02-2022 19:49:23|Received UDP response from quebec server|[MTLP2345, QUEA120222, PHYSICIAN]|Success: Appointment successfully booked|false|
11-02-2022 19:49:23|Book appointment|[MTLP2345, QUEA120222, PHYSICIAN]|Success: Appointment successfully booked|false|
11-02-2022 19:50:38|Sent UDP request to Shrebrooke server:MTLP2345 getAppointmentSchedule|[MTLP2345]|Appointment Schedule of MTLP2345 [DENTAL:MTLE030222,DENTAL:MTLA020222,DENTAL:MTLM030222,PHYSICIAN:MTLA030222,PHYSICIAN:MTLM010222,|false|
11-02-2022 19:50:38|Sent UDP request to Quebec server:MTLP2345 getAppointmentSchedule|[MTLP2345]|Appointment Schedule of MTLP2345 [DENTAL:MTLE030222,DENTAL:MTLA020222,DENTAL:MTLM030222,PHYSICIAN:MTLA030222,PHYSICIAN:MTLM010222,|false|
11-02-2022 19:50:38|Received UDP response from Sharebrooke server|[MTLP2345]|PHYSICIAN:SHEE080222,|false|
11-02-2022 19:50:38|Received UDP response from quebec server|[MTLP2345]|PHYSICIAN:QUEA110222,PHYSICIAN:QUEA040222,PHYSICIAN:QUEA120222,|false|
11-02-2022 19:50:38|Get appointment Schedule|[MTLP2345]|Appointment Schedule of MTLP2345 [DENTAL:MTLE030222,DENTAL:MTLA020222,DENTAL:MTLM030222,PHYSICIAN:MTLA030222,PHYSICIAN:MTLM010222,PHYSICIAN:SHEE080222,PHYSICIAN:QUEA110222,PHYSICIAN:QUEA040222,PHYSICIAN:QUEA120222,]|false|
11-02-2022 19:55:56|Sent UDP request to Shrebrooke server:MTLP2345 getAppointmentSchedule|[MTLP2345]|Appointment Schedule of MTLP2345 [DENTAL:MTLE030222,DENTAL:MTLA020222,DENTAL:MTLM030222,PHYSICIAN:MTLA030222,PHYSICIAN:MTLM010222,|false|
11-02-2022 19:55:56|Sent UDP request to Quebec server:MTLP2345 getAppointmentSchedule|[MTLP2345]|Appointment Schedule of MTLP2345 [DENTAL:MTLE030222,DENTAL:MTLA020222,DENTAL:MTLM030222,PHYSICIAN:MTLA030222,PHYSICIAN:MTLM010222,|false|
11-02-2022 19:55:56|Received UDP response from Sharebrooke server|[MTLP2345]|PHYSICIAN:SHEE080222,|false|
11-02-2022 19:55:56|Received UDP response from quebec server|[MTLP2345]|PHYSICIAN:QUEA040222,|false|
11-02-2022 19:55:56|Get appointment Schedule|[MTLP2345]|Appointment Schedule of MTLP2345 [DENTAL:MTLE030222,DENTAL:MTLA020222,DENTAL:MTLM030222,PHYSICIAN:MTLA030222,PHYSICIAN:MTLM010222,PHYSICIAN:SHEE080222,PHYSICIAN:QUEA040222,]|false|
11-02-2022 19:57:40|Sent UDP request to Shrebrooke server:MTLP2345 getAppointmentSchedule|[MTLP2345]|Appointment Schedule of MTLP2345 [PHYSICIAN:MTLA030222,PHYSICIAN:MTLM010222,DENTAL:MTLE030222,DENTAL:MTLA020222,DENTAL:MTLM030222,|false|
11-02-2022 19:57:40|Sent UDP request to Quebec server:MTLP2345 getAppointmentSchedule|[MTLP2345]|Appointment Schedule of MTLP2345 [PHYSICIAN:MTLA030222,PHYSICIAN:MTLM010222,DENTAL:MTLE030222,DENTAL:MTLA020222,DENTAL:MTLM030222,|false|
11-02-2022 19:57:40|Received UDP response from quebec server|[MTLP2345]|PHYSICIAN:QUEA040222,|false|
11-02-2022 19:57:40|Received UDP response from Sharebrooke server|[MTLP2345]|PHYSICIAN:SHEE080222,SURGEON:SHEE070222,|false|
11-02-2022 19:57:40|Get appointment Schedule|[MTLP2345]|Appointment Schedule of MTLP2345 [PHYSICIAN:MTLA030222,PHYSICIAN:MTLM010222,DENTAL:MTLE030222,DENTAL:MTLA020222,DENTAL:MTLM030222,PHYSICIAN:SHEE080222,SURGEON:SHEE070222,PHYSICIAN:QUEA040222,]|false|
11-02-2022 19:58:39|Sent UDP request to Shrebrooke server:MTLP2345 getAppointmentSchedule|[MTLP2345]|Appointment Schedule of MTLP2345 [PHYSICIAN:MTLA030222,PHYSICIAN:MTLM010222,DENTAL:MTLE030222,DENTAL:MTLA020222,DENTAL:MTLM030222,|false|
11-02-2022 19:58:39|Sent UDP request to Quebec server:MTLP2345 getAppointmentSchedule|[MTLP2345]|Appointment Schedule of MTLP2345 [PHYSICIAN:MTLA030222,PHYSICIAN:MTLM010222,DENTAL:MTLE030222,DENTAL:MTLA020222,DENTAL:MTLM030222,|false|
11-02-2022 19:58:39|Received UDP response from quebec server|[MTLP2345]|PHYSICIAN:QUEA040222,|false|
11-02-2022 19:58:39|Received UDP response from Sharebrooke server|[MTLP2345]|PHYSICIAN:SHEE080222,SURGEON:SHEE070222,|false|
11-02-2022 19:58:39|Get appointment Schedule|[MTLP2345]|Appointment Schedule of MTLP2345 [PHYSICIAN:MTLA030222,PHYSICIAN:MTLM010222,DENTAL:MTLE030222,DENTAL:MTLA020222,DENTAL:MTLM030222,PHYSICIAN:SHEE080222,SURGEON:SHEE070222,PHYSICIAN:QUEA040222,]|false|
11-02-2022 19:58:39|Sent UDP request to Quebec server:QUEA110222 book appointment|[MTLP2345, QUEA110222, PHYSICIAN]||false|
11-02-2022 19:58:39|Received UDP response from quebec server|[MTLP2345, QUEA110222, PHYSICIAN]|Success: Appointment successfully booked|false|
11-02-2022 19:58:39|Book appointment|[MTLP2345, QUEA110222, PHYSICIAN]|Success: Appointment successfully booked|false|
11-02-2022 19:58:50|Sent UDP request to Shrebrooke server:MTLP2345 getAppointmentSchedule|[MTLP2345]|Appointment Schedule of MTLP2345 [PHYSICIAN:MTLA030222,PHYSICIAN:MTLM010222,DENTAL:MTLE030222,DENTAL:MTLA020222,DENTAL:MTLM030222,|false|
11-02-2022 19:58:50|Sent UDP request to Quebec server:MTLP2345 getAppointmentSchedule|[MTLP2345]|Appointment Schedule of MTLP2345 [PHYSICIAN:MTLA030222,PHYSICIAN:MTLM010222,DENTAL:MTLE030222,DENTAL:MTLA020222,DENTAL:MTLM030222,|false|
11-02-2022 19:58:50|Received UDP response from Sharebrooke server|[MTLP2345]|PHYSICIAN:SHEE080222,SURGEON:SHEE070222,|false|
11-02-2022 19:58:50|Received UDP response from quebec server|[MTLP2345]|PHYSICIAN:QUEA110222,PHYSICIAN:QUEA040222,|false|
11-02-2022 19:58:50|Get appointment Schedule|[MTLP2345]|Appointment Schedule of MTLP2345 [PHYSICIAN:MTLA030222,PHYSICIAN:MTLM010222,DENTAL:MTLE030222,DENTAL:MTLA020222,DENTAL:MTLM030222,PHYSICIAN:SHEE080222,SURGEON:SHEE070222,PHYSICIAN:QUEA110222,PHYSICIAN:QUEA040222,]|false|
11-02-2022 19:58:50|Book appointment|[MTLP2345, QUEA120222, PHYSICIAN]|Failed: Patient has already booked 3 appointment other than Montreal Server|false|
11-02-2022 20:02:34|Remove appointment|[MTLA110222, PHYSICIAN]|Failed: No appointment is available with appointmentId: MTLA110222|false|
11-02-2022 20:02:58|Remove appointment|[MTLA010222, DENTAL]|Success: Patient is transferred to available appointment and removed the appointmentId: MTLA010222|true|
11-02-2022 20:03:50|Sent UDP request to Shrebrooke server:PHYSICIAN list appointment availability|[PHYSICIAN]||false|
11-02-2022 20:03:50|Sent UDP request to Quebec server:PHYSICIAN list appointment availability|[PHYSICIAN]||false|
11-02-2022 20:03:50|Received UDP response from quebec server|[PHYSICIAN]||false|
11-02-2022 20:03:50|Received UDP response from Sharebrooke server|[PHYSICIAN]|SHEE080222  2,|false|
11-02-2022 20:03:50|List Appointment Availability of PHYSICIAN|[PHYSICIAN]|List appointment PHYSICIAN: [MTLE030222  2, MTLA030222  1, MTLM010222  0, SHEE080222  2,]|false|
11-02-2022 20:04:20|Sent UDP request to Shrebrooke server:SURGEON list appointment availability|[SURGEON]||false|
11-02-2022 20:04:20|Sent UDP request to Quebec server:SURGEON list appointment availability|[SURGEON]||false|
11-02-2022 20:04:20|Received UDP response from Sharebrooke server|[SURGEON]|SHEE070222  0,|false|
11-02-2022 20:04:20|Received UDP response from quebec server|[SURGEON]||false|
11-02-2022 20:04:20|List Appointment Availability of SURGEON|[SURGEON]|List appointment SURGEON: [MTLA030222  0, MTLM030222  0, SHEE070222  0,]|false|
11-02-2022 20:06:13|Sent UDP request to Shrebrooke server:MTLP2345 getAppointmentSchedule|[MTLP2345]|Appointment Schedule of MTLP2345 [PHYSICIAN:MTLA030222,PHYSICIAN:MTLM010222,DENTAL:MTLE030222,DENTAL:MTLA020222,DENTAL:MTLM030222,|false|
11-02-2022 20:06:13|Sent UDP request to Quebec server:MTLP2345 getAppointmentSchedule|[MTLP2345]|Appointment Schedule of MTLP2345 [PHYSICIAN:MTLA030222,PHYSICIAN:MTLM010222,DENTAL:MTLE030222,DENTAL:MTLA020222,DENTAL:MTLM030222,|false|
11-02-2022 20:06:13|Received UDP response from Sharebrooke server|[MTLP2345]|PHYSICIAN:SHEE080222,SURGEON:SHEE070222,|false|
11-02-2022 20:06:13|Received UDP response from quebec server|[MTLP2345]||false|
11-02-2022 20:06:13|Get appointment Schedule|[MTLP2345]|Appointment Schedule of MTLP2345 [PHYSICIAN:MTLA030222,PHYSICIAN:MTLM010222,DENTAL:MTLE030222,DENTAL:MTLA020222,DENTAL:MTLM030222,PHYSICIAN:SHEE080222,SURGEON:SHEE070222,]|false|
11-02-2022 20:07:55|Sent UDP request to Shrebrooke server:MTLP3574 getAppointmentSchedule|[MTLP3574]|Appointment Schedule of MTLP3574 [|false|
11-02-2022 20:07:55|Sent UDP request to Quebec server:MTLP3574 getAppointmentSchedule|[MTLP3574]|Appointment Schedule of MTLP3574 [|false|
11-02-2022 20:07:55|Received UDP response from quebec server|[MTLP3574]||false|
11-02-2022 20:07:55|Received UDP response from Sharebrooke server|[MTLP3574]||false|
11-02-2022 20:07:55|Get appointment Schedule|[MTLP3574]|Appointment Schedule of MTLP3574 []|false|
11-02-2022 20:08:44|Cancel appointment|[MTLA030222, MTLP2345]|Success: Cancelled appointment with MTLA030222|true|
11-02-2022 20:09:34|Cancel appointment|[QUEM110222, MTLP2345]|Failed: No record found of [MTLP2345, QUEM110222]|false|
11-02-2022 20:09:43|Cancel appointment|[QUEM110222, MTLP2345]|Failed: No record found of [MTLP2345, QUEM110222]|false|
14-02-2022 20:43:47|Sent UDP request to Shrebrooke server:MTLP2345 getAppointmentSchedule|[MTLP2345]|Appointment Schedule of MTLP2345 [PHYSICIAN:MTLA030222,PHYSICIAN:MTLM010222,DENTAL:MTLE030222,DENTAL:MTLA020222,DENTAL:MTLM030222,|false|
14-02-2022 20:43:47|Sent UDP request to Quebec server:MTLP2345 getAppointmentSchedule|[MTLP2345]|Appointment Schedule of MTLP2345 [PHYSICIAN:MTLA030222,PHYSICIAN:MTLM010222,DENTAL:MTLE030222,DENTAL:MTLA020222,DENTAL:MTLM030222,|false|
14-02-2022 20:43:47|Received UDP response from Sharebrooke server|[MTLP2345]|PHYSICIAN:SHEE080222,SURGEON:SHEE070222,|false|
14-02-2022 20:43:47|Received UDP response from quebec server|[MTLP2345]|PHYSICIAN:QUEA040222,|false|
14-02-2022 20:43:47|Get appointment Schedule|[MTLP2345]|Appointment Schedule of MTLP2345 [PHYSICIAN:MTLA030222,PHYSICIAN:MTLM010222,DENTAL:MTLE030222,DENTAL:MTLA020222,DENTAL:MTLM030222,PHYSICIAN:SHEE080222,SURGEON:SHEE070222,PHYSICIAN:QUEA040222,]|false|
